<?xml version="1.0" encoding="UTF-8"?>
<!-- Generated by org.testng.reporters.JUnitXMLReporter -->
<testsuite hostname="T4ublrlpusr093" ignored="12" name="Test" tests="196" failures="11" timestamp="08 Jan 2019 12:31:50 GMT" time="1054.793" errors="0">
  <testcase name="navigatetoregister" time="2.476" classname="scripts.RegisterAsIndividual"/>
  <testcase name="validateNameofBuyer" time="5.49" classname="scripts.RegisterAsIndividual"/>
  <testcase name="validateAddress" time="8.99" classname="scripts.RegisterAsIndividual"/>
  <testcase name="validateMobile" time="9.084" classname="scripts.RegisterAsIndividual"/>
  <testcase name="validateInvalidMobile" time="7.024" classname="scripts.RegisterAsIndividual"/>
  <testcase name="validatewithoutOTP" time="6.973" classname="scripts.RegisterAsIndividual"/>
  <testcase name="validatewithInvalidOTP" time="6.977" classname="scripts.RegisterAsIndividual"/>
  <testcase name="validatevillage" time="6.994" classname="scripts.RegisterAsIndividual"/>
  <testcase name="validateWithOutPinCode" time="6.931" classname="scripts.RegisterAsIndividual"/>
  <testcase name="validateWithInvalidPinCode" time="6.925" classname="scripts.RegisterAsIndividual"/>
  <testcase name="validateWithoutUserName" time="6.891" classname="scripts.RegisterAsIndividual"/>
  <testcase name="validateWithoutpwd" time="6.954" classname="scripts.RegisterAsIndividual"/>
  <testcase name="validateWithinvalidpwd" time="6.913" classname="scripts.RegisterAsIndividual"/>
  <testcase name="validateWithoutcnfmpwd" time="6.948" classname="scripts.RegisterAsIndividual"/>
  <testcase name="validateWithMismatchcnfmpwd" time="8.296" classname="scripts.RegisterAsIndividual"/>
  <testcase name="validateOtpMismatch" time="10.298" classname="scripts.RegisterAsIndividual"/>
  <testcase name="registerWithValidUser" time="9.049" classname="scripts.RegisterAsIndividual"/>
  <testcase name="zfillValidData" time="15.21" classname="scripts.RegisterAsIndividual"/>
  <testcase name="aDBSet" time="6.664" classname="scripts.RegisterAsIndividual"/>
  <testcase name="verifyAddress" time="0.005" classname="scripts.RegisterAsIndividual"/>
  <testcase name="verifyMobile" time="0.0" classname="scripts.RegisterAsIndividual"/>
  <testcase name="verifyNameWithDB" time="0.004" classname="scripts.RegisterAsIndividual"/>
  <testcase name="verifyUser" time="0.001" classname="scripts.RegisterAsIndividual"/>
  <testcase name="verifyemail" time="0.0" classname="scripts.RegisterAsIndividual"/>
  <testcase name="verifypan" time="0.003" classname="scripts.RegisterAsIndividual"/>
  <testcase name="verifypincode" time="0.002" classname="scripts.RegisterAsIndividual"/>
  <testcase name="verifyvillage" time="0.001" classname="scripts.RegisterAsIndividual"/>
  <testcase name="wNavigateToRegister" time="2.758" classname="scripts.RegisterAsIndividual"/>
  <testcase name="xvalidateMobileAlready" time="7.009" classname="scripts.RegisterAsIndividual">
    <failure type="java.lang.AssertionError" message="expected [true] but found [false]">
      <![CDATA[java.lang.AssertionError: expected [true] but found [false]
at generic.MainActivity.asserAlert(MainActivity.java:94)
at scripts.RegisterAsIndividual.xvalidateMobileAlready(RegisterAsIndividual.java:399)
... Removed 29 stack frames]]>
    </failure>
  </testcase> <!-- xvalidateMobileAlready -->
  <testcase name="yavalidateUsernameAlready" time="28.367" classname="scripts.RegisterAsIndividual">
    <failure type="java.lang.AssertionError" message="expected [true] but found [false]">
      <![CDATA[java.lang.AssertionError: expected [true] but found [false]
at generic.MainActivity.asserAlert(MainActivity.java:94)
at scripts.RegisterAsIndividual.yavalidateUsernameAlready(RegisterAsIndividual.java:431)
... Removed 29 stack frames]]>
    </failure>
  </testcase> <!-- yavalidateUsernameAlready -->
  <testcase name="zNavigateToLogin" time="2.329" classname="scripts.RegisterAsIndividual"/>
  <testcase name="verifygst" time="0.001" classname="scripts.RegisterAsIndividual">
    <failure type="java.lang.NullPointerException">
      <![CDATA[java.lang.NullPointerException
at pages.RegisterPage.getGSTNO(RegisterPage.java:115)
at scripts.RegisterAsIndividual.verifygst(RegisterAsIndividual.java:367)
... Removed 25 stack frames]]>
    </failure>
  </testcase> <!-- verifygst -->
  <testcase name="navigateToForgotPwd" time="5.26" classname="scripts.ForgotPassword"/>
  <testcase name="forgotPasswordwithoutUserName" time="5.573" classname="scripts.ForgotPassword"/>
  <testcase name="forgotPasswordwithoutNum" time="6.924" classname="scripts.ForgotPassword"/>
  <testcase name="forgotPasswordwithInvalidMobile" time="8.368" classname="scripts.ForgotPassword"/>
  <testcase name="forgotPasswordwithInvaliddata" time="11.197" classname="scripts.ForgotPassword">
    <failure type="org.openqa.selenium.NoSuchElementException" message="no such element: Unable to locate element: {&amp;quot;method&amp;quot;:&amp;quot;xpath&amp;quot;,&amp;quot;selector&amp;quot;:&amp;quot;//*[@class=&amp;apos;swal-text&amp;apos;]&amp;quot;}
  (Session info: chrome=71.0.3578.98)
  (Driver info: chromedriver=2.42.591088 (7b2b2dca23cca0862f674758c9a3933e685c27d5),platform=Windows NT 10.0.16299 x86_64) (WARNING: The server did not provide any stacktrace information)
Command duration or timeout: 0 milliseconds
For documentation on this error, please visit: http://seleniumhq.org/exceptions/no_such_element.html
Build info: version: &amp;apos;3.14.0&amp;apos;, revision: &amp;apos;aacccce0&amp;apos;, time: &amp;apos;2018-08-02T20:13:22.693Z&amp;apos;
System info: host: &amp;apos;T4UBLRLPUSR093&amp;apos;, ip: &amp;apos;172.16.2.150&amp;apos;, os.name: &amp;apos;Windows 10&amp;apos;, os.arch: &amp;apos;amd64&amp;apos;, os.version: &amp;apos;10.0&amp;apos;, java.version: &amp;apos;1.8.0_181&amp;apos;
Driver info: org.openqa.selenium.chrome.ChromeDriver
Capabilities {acceptInsecureCerts: false, acceptSslCerts: false, applicationCacheEnabled: false, browserConnectionEnabled: false, browserName: chrome, chrome: {chromedriverVersion: 2.42.591088 (7b2b2dca23cca0..., userDataDir: C:\Users\CGN04\AppData\Loca...}, cssSelectorsEnabled: true, databaseEnabled: false, goog:chromeOptions: {debuggerAddress: localhost:50526}, handlesAlerts: true, hasTouchScreen: false, javascriptEnabled: true, locationContextEnabled: true, mobileEmulationEnabled: false, nativeEvents: true, networkConnectionEnabled: false, pageLoadStrategy: normal, platform: XP, platformName: XP, rotatable: false, setWindowRect: true, takesHeapSnapshot: true, takesScreenshot: true, unexpectedAlertBehaviour: , unhandledPromptBehavior: , version: 71.0.3578.98, webStorageEnabled: true}
Session ID: c3d7329af8c736bcf6e058926038efc9
*** Element info: {Using=xpath, value=//*[@class=&amp;apos;swal-text&amp;apos;]}">
      <![CDATA[org.openqa.selenium.NoSuchElementException: no such element: Unable to locate element: {"method":"xpath","selector":"//*[@class='swal-text']"}
  (Session info: chrome=71.0.3578.98)
  (Driver info: chromedriver=2.42.591088 (7b2b2dca23cca0862f674758c9a3933e685c27d5),platform=Windows NT 10.0.16299 x86_64) (WARNING: The server did not provide any stacktrace information)
Command duration or timeout: 0 milliseconds
For documentation on this error, please visit: http://seleniumhq.org/exceptions/no_such_element.html
Build info: version: '3.14.0', revision: 'aacccce0', time: '2018-08-02T20:13:22.693Z'
System info: host: 'T4UBLRLPUSR093', ip: '172.16.2.150', os.name: 'Windows 10', os.arch: 'amd64', os.version: '10.0', java.version: '1.8.0_181'
Driver info: org.openqa.selenium.chrome.ChromeDriver
Capabilities {acceptInsecureCerts: false, acceptSslCerts: false, applicationCacheEnabled: false, browserConnectionEnabled: false, browserName: chrome, chrome: {chromedriverVersion: 2.42.591088 (7b2b2dca23cca0..., userDataDir: C:\Users\CGN04\AppData\Loca...}, cssSelectorsEnabled: true, databaseEnabled: false, goog:chromeOptions: {debuggerAddress: localhost:50526}, handlesAlerts: true, hasTouchScreen: false, javascriptEnabled: true, locationContextEnabled: true, mobileEmulationEnabled: false, nativeEvents: true, networkConnectionEnabled: false, pageLoadStrategy: normal, platform: XP, platformName: XP, rotatable: false, setWindowRect: true, takesHeapSnapshot: true, takesScreenshot: true, unexpectedAlertBehaviour: , unhandledPromptBehavior: , version: 71.0.3578.98, webStorageEnabled: true}
Session ID: c3d7329af8c736bcf6e058926038efc9
*** Element info: {Using=xpath, value=//*[@class='swal-text']}
at org.openqa.selenium.remote.ErrorHandler.createThrowable(ErrorHandler.java:214)
at org.openqa.selenium.remote.ErrorHandler.throwIfResponseFailed(ErrorHandler.java:166)
at org.openqa.selenium.remote.http.JsonHttpResponseCodec.reconstructValue(JsonHttpResponseCodec.java:40)
at org.openqa.selenium.remote.http.AbstractHttpResponseCodec.decode(AbstractHttpResponseCodec.java:80)
at org.openqa.selenium.remote.http.AbstractHttpResponseCodec.decode(AbstractHttpResponseCodec.java:44)
at org.openqa.selenium.remote.HttpCommandExecutor.execute(HttpCommandExecutor.java:158)
at org.openqa.selenium.remote.service.DriverCommandExecutor.execute(DriverCommandExecutor.java:83)
at org.openqa.selenium.remote.RemoteWebDriver.execute(RemoteWebDriver.java:548)
at org.openqa.selenium.remote.RemoteWebDriver.findElement(RemoteWebDriver.java:322)
at org.openqa.selenium.remote.RemoteWebDriver.findElementByXPath(RemoteWebDriver.java:424)
at org.openqa.selenium.By$ByXPath.findElement(By.java:353)
at org.openqa.selenium.remote.RemoteWebDriver.findElement(RemoteWebDriver.java:314)
at org.openqa.selenium.support.pagefactory.DefaultElementLocator.findElement(DefaultElementLocator.java:69)
at org.openqa.selenium.support.pagefactory.internal.LocatingElementHandler.invoke(LocatingElementHandler.java:38)
at com.sun.proxy.$Proxy13.getText(Unknown Source)
at generic.MainActivity.getAlertText(MainActivity.java:261)
at generic.MainActivity.asserAlert(MainActivity.java:90)
at scripts.ForgotPassword.forgotPasswordwithInvaliddata(ForgotPassword.java:73)
... Removed 29 stack frames]]>
    </failure>
  </testcase> <!-- forgotPasswordwithInvaliddata -->
  <testcase name="forgotPasswordwithValidData" time="4.993" classname="scripts.ForgotPassword"/>
  <testcase name="forgotPasswordwithoutOTP" time="8.575" classname="scripts.ForgotPassword"/>
  <testcase name="forgotPasswordwithInvalidOTP" time="6.913" classname="scripts.ForgotPassword">
    <failure type="java.lang.AssertionError" message="expected [true] but found [false]">
      <![CDATA[java.lang.AssertionError: expected [true] but found [false]
at generic.MainActivity.asserAlert(MainActivity.java:94)
at scripts.ForgotPassword.forgotPasswordwithInvalidOTP(ForgotPassword.java:99)
... Removed 29 stack frames]]>
    </failure>
  </testcase> <!-- forgotPasswordwithInvalidOTP -->
  <testcase name="forgotPasswordwithoutPWD" time="6.881" classname="scripts.ForgotPassword"/>
  <testcase name="forgotPasswordwithinvalidPWD" time="8.177" classname="scripts.ForgotPassword"/>
  <testcase name="forgotPasswordwithoutCnfmPWD" time="8.283" classname="scripts.ForgotPassword"/>
  <testcase name="forgotPasswordwithMissmatchPWD" time="9.662" classname="scripts.ForgotPassword"/>
  <testcase name="forgotPasswordwithWrongOTP" time="12.484" classname="scripts.ForgotPassword">
    <failure type="org.openqa.selenium.NoSuchElementException" message="no such element: Unable to locate element: {&amp;quot;method&amp;quot;:&amp;quot;xpath&amp;quot;,&amp;quot;selector&amp;quot;:&amp;quot;//*[@class=&amp;apos;swal-text&amp;apos;]&amp;quot;}
  (Session info: chrome=71.0.3578.98)
  (Driver info: chromedriver=2.42.591088 (7b2b2dca23cca0862f674758c9a3933e685c27d5),platform=Windows NT 10.0.16299 x86_64) (WARNING: The server did not provide any stacktrace information)
Command duration or timeout: 0 milliseconds
For documentation on this error, please visit: http://seleniumhq.org/exceptions/no_such_element.html
Build info: version: &amp;apos;3.14.0&amp;apos;, revision: &amp;apos;aacccce0&amp;apos;, time: &amp;apos;2018-08-02T20:13:22.693Z&amp;apos;
System info: host: &amp;apos;T4UBLRLPUSR093&amp;apos;, ip: &amp;apos;172.16.2.150&amp;apos;, os.name: &amp;apos;Windows 10&amp;apos;, os.arch: &amp;apos;amd64&amp;apos;, os.version: &amp;apos;10.0&amp;apos;, java.version: &amp;apos;1.8.0_181&amp;apos;
Driver info: org.openqa.selenium.chrome.ChromeDriver
Capabilities {acceptInsecureCerts: false, acceptSslCerts: false, applicationCacheEnabled: false, browserConnectionEnabled: false, browserName: chrome, chrome: {chromedriverVersion: 2.42.591088 (7b2b2dca23cca0..., userDataDir: C:\Users\CGN04\AppData\Loca...}, cssSelectorsEnabled: true, databaseEnabled: false, goog:chromeOptions: {debuggerAddress: localhost:50526}, handlesAlerts: true, hasTouchScreen: false, javascriptEnabled: true, locationContextEnabled: true, mobileEmulationEnabled: false, nativeEvents: true, networkConnectionEnabled: false, pageLoadStrategy: normal, platform: XP, platformName: XP, rotatable: false, setWindowRect: true, takesHeapSnapshot: true, takesScreenshot: true, unexpectedAlertBehaviour: , unhandledPromptBehavior: , version: 71.0.3578.98, webStorageEnabled: true}
Session ID: c3d7329af8c736bcf6e058926038efc9
*** Element info: {Using=xpath, value=//*[@class=&amp;apos;swal-text&amp;apos;]}">
      <![CDATA[org.openqa.selenium.NoSuchElementException: no such element: Unable to locate element: {"method":"xpath","selector":"//*[@class='swal-text']"}
  (Session info: chrome=71.0.3578.98)
  (Driver info: chromedriver=2.42.591088 (7b2b2dca23cca0862f674758c9a3933e685c27d5),platform=Windows NT 10.0.16299 x86_64) (WARNING: The server did not provide any stacktrace information)
Command duration or timeout: 0 milliseconds
For documentation on this error, please visit: http://seleniumhq.org/exceptions/no_such_element.html
Build info: version: '3.14.0', revision: 'aacccce0', time: '2018-08-02T20:13:22.693Z'
System info: host: 'T4UBLRLPUSR093', ip: '172.16.2.150', os.name: 'Windows 10', os.arch: 'amd64', os.version: '10.0', java.version: '1.8.0_181'
Driver info: org.openqa.selenium.chrome.ChromeDriver
Capabilities {acceptInsecureCerts: false, acceptSslCerts: false, applicationCacheEnabled: false, browserConnectionEnabled: false, browserName: chrome, chrome: {chromedriverVersion: 2.42.591088 (7b2b2dca23cca0..., userDataDir: C:\Users\CGN04\AppData\Loca...}, cssSelectorsEnabled: true, databaseEnabled: false, goog:chromeOptions: {debuggerAddress: localhost:50526}, handlesAlerts: true, hasTouchScreen: false, javascriptEnabled: true, locationContextEnabled: true, mobileEmulationEnabled: false, nativeEvents: true, networkConnectionEnabled: false, pageLoadStrategy: normal, platform: XP, platformName: XP, rotatable: false, setWindowRect: true, takesHeapSnapshot: true, takesScreenshot: true, unexpectedAlertBehaviour: , unhandledPromptBehavior: , version: 71.0.3578.98, webStorageEnabled: true}
Session ID: c3d7329af8c736bcf6e058926038efc9
*** Element info: {Using=xpath, value=//*[@class='swal-text']}
at org.openqa.selenium.remote.ErrorHandler.createThrowable(ErrorHandler.java:214)
at org.openqa.selenium.remote.ErrorHandler.throwIfResponseFailed(ErrorHandler.java:166)
at org.openqa.selenium.remote.http.JsonHttpResponseCodec.reconstructValue(JsonHttpResponseCodec.java:40)
at org.openqa.selenium.remote.http.AbstractHttpResponseCodec.decode(AbstractHttpResponseCodec.java:80)
at org.openqa.selenium.remote.http.AbstractHttpResponseCodec.decode(AbstractHttpResponseCodec.java:44)
at org.openqa.selenium.remote.HttpCommandExecutor.execute(HttpCommandExecutor.java:158)
at org.openqa.selenium.remote.service.DriverCommandExecutor.execute(DriverCommandExecutor.java:83)
at org.openqa.selenium.remote.RemoteWebDriver.execute(RemoteWebDriver.java:548)
at org.openqa.selenium.remote.RemoteWebDriver.findElement(RemoteWebDriver.java:322)
at org.openqa.selenium.remote.RemoteWebDriver.findElementByXPath(RemoteWebDriver.java:424)
at org.openqa.selenium.By$ByXPath.findElement(By.java:353)
at org.openqa.selenium.remote.RemoteWebDriver.findElement(RemoteWebDriver.java:314)
at org.openqa.selenium.support.pagefactory.DefaultElementLocator.findElement(DefaultElementLocator.java:69)
at org.openqa.selenium.support.pagefactory.internal.LocatingElementHandler.invoke(LocatingElementHandler.java:38)
at com.sun.proxy.$Proxy13.getText(Unknown Source)
at generic.MainActivity.getAlertText(MainActivity.java:261)
at generic.MainActivity.asserAlert(MainActivity.java:90)
at scripts.ForgotPassword.forgotPasswordwithWrongOTP(ForgotPassword.java:162)
... Removed 29 stack frames]]>
    </failure>
  </testcase> <!-- forgotPasswordwithWrongOTP -->
  <testcase name="forgotPasswordwithAllValidDATA" time="14.682" classname="scripts.ForgotPassword"/>
  <testcase name="loginWithoutInput" time="10.568" classname="scripts.Login"/>
  <testcase name="loginWithUsername" time="5.948" classname="scripts.Login"/>
  <testcase name="loginWithPwd" time="5.948" classname="scripts.Login"/>
  <testcase name="validCredential" time="5.058" classname="scripts.Login"/>
  <testcase name="validateLocationTypoHead" time="2.791" classname="scripts.ConsumerModel"/>
  <testcase name="validateWithoutDistrict" time="5.487" classname="scripts.ConsumerModel"/>
  <testcase name="validateWithoutStoskYard" time="7.561" classname="scripts.ConsumerModel"/>
  <testcase name="validateWithoutQTY" time="15.501" classname="scripts.ConsumerModel"/>
  <testcase name="validateDistrict" time="0.8" classname="scripts.ConsumerModel"/>
  <testcase name="validateStockyard" time="20.169" classname="scripts.ConsumerModel"/>
  <testcase name="validateAvailableStock_and_uniPrice" time="13.245" classname="scripts.ConsumerModel"/>
  <testcase name="valdtBookingForm" time="1.787" classname="scripts.ConsumerModel"/>
  <testcase name="valdtBookingForm" time="1.799" classname="scripts.ConsumerModel"/>
  <testcase name="valdtBookingForm" time="1.753" classname="scripts.ConsumerModel"/>
  <testcase name="valdtBookingForm" time="1.806" classname="scripts.ConsumerModel"/>
  <testcase name="valdtBookingForm" time="1.829" classname="scripts.ConsumerModel"/>
  <testcase name="valdtBookingForm" time="1.813" classname="scripts.ConsumerModel"/>
  <testcase name="valdtBookingForm" time="1.786" classname="scripts.ConsumerModel"/>
  <testcase name="valdtBookingForm" time="1.637" classname="scripts.ConsumerModel"/>
  <testcase name="valdtBookingForm" time="1.755" classname="scripts.ConsumerModel"/>
  <testcase name="checktotalQty" time="0.09" classname="scripts.ConsumerModel"/>
  <testcase name="dValidatePrice" time="0.15" classname="scripts.ConsumerModel"/>
  <testcase name="exeedUserlimit" time="1.233" classname="scripts.ConsumerModel"/>
  <testcase name="zReset" time="0.001" classname="scripts.ConsumerModel"/>
  <testcase name="vlidtBookFrm" time="4.115" classname="scripts.ConsumerModel"/>
  <testcase name="vlidtBookFrm" time="4.129" classname="scripts.ConsumerModel"/>
  <testcase name="vlidtBookFrm" time="4.134" classname="scripts.ConsumerModel"/>
  <testcase name="vlidtBookFrm" time="4.121" classname="scripts.ConsumerModel"/>
  <testcase name="vlidtBookFrm" time="4.068" classname="scripts.ConsumerModel"/>
  <testcase name="vlidtBookFrm" time="4.103" classname="scripts.ConsumerModel"/>
  <testcase name="vlidtBookFrm" time="4.126" classname="scripts.ConsumerModel"/>
  <testcase name="vlidtBookFrm" time="4.122" classname="scripts.ConsumerModel"/>
  <testcase name="vlidtBookFrm" time="1.726" classname="scripts.ConsumerModel"/>
  <testcase name="aCheckPrices" time="2.145" classname="scripts.ConsumerModel"/>
  <testcase name="aCheckQty" time="2.077" classname="scripts.ConsumerModel"/>
  <testcase name="navigateToReviewBooking" time="3.427" classname="scripts.ConsumerModel"/>
  <testcase name="validateRBWithoutLocation" time="5.589" classname="scripts.ConsumerModel"/>
  <testcase name="validateRBWithoutAltnatMobile" time="8.206" classname="scripts.ConsumerModel"/>
  <testcase name="validateRBInvalidAltnatMobile" time="9.77" classname="scripts.ConsumerModel"/>
  <testcase name="validateRBWithValidData" time="7.818" classname="scripts.ConsumerModel"/>
  <testcase name="validateStockYardinCP" time="0.046" classname="scripts.ConsumerModel"/>
  <testcase name="validateUnitPriceinCP" time="0.048" classname="scripts.ConsumerModel"/>
  <testcase name="validateTotalQtyinCP" time="0.072" classname="scripts.ConsumerModel"/>
  <testcase name="validateTotalPriceinCP" time="0.046" classname="scripts.ConsumerModel"/>
  <testcase name="validateGstinCP" time="0.05" classname="scripts.ConsumerModel"/>
  <testcase name="validateTotalPayableinCP" time="0.085" classname="scripts.ConsumerModel"/>
  <testcase name="checkReviewBookingBackward" time="0.247" classname="scripts.ConsumerModel">
    <failure type="java.lang.AssertionError" message="expected [1, Mahatma Gandhi Main Road, Upper Bazar, Ranchi, Jharkhand] but found [2345678909]">
      <![CDATA[java.lang.AssertionError: expected [1, Mahatma Gandhi Main Road, Upper Bazar, Ranchi, Jharkhand] but found [2345678909]
at scripts.ConsumerModel.checkReviewBookingBackward(ConsumerModel.java:435)
... Removed 31 stack frames]]>
    </failure>
  </testcase> <!-- checkReviewBookingBackward -->
  <testcase name="checkalternateMobileBackward" time="0.595" classname="scripts.ConsumerModel">
    <failure type="java.lang.AssertionError" message="expected [2345678909] but found []">
      <![CDATA[java.lang.AssertionError: expected [2345678909] but found []
at scripts.ConsumerModel.checkalternateMobileBackward(ConsumerModel.java:445)
... Removed 31 stack frames]]>
    </failure>
  </testcase> <!-- checkalternateMobileBackward -->
  <testcase name="checkBookFormBackward" time="2.097" classname="scripts.ConsumerModel">
    <failure type="java.lang.AssertionError" message="expected [true] but found [false]">
      <![CDATA[java.lang.AssertionError: expected [true] but found [false]
at scripts.ConsumerModel.asserCft(ConsumerModel.java:636)
at scripts.ConsumerModel.checkTotlcft(ConsumerModel.java:576)
at scripts.ConsumerModel.checkBookFormBackward(ConsumerModel.java:452)
... Removed 29 stack frames]]>
    </failure>
  </testcase> <!-- checkBookFormBackward -->
  <testcase name="checkBookFormBackward" time="2.111" classname="scripts.ConsumerModel"/>
  <testcase name="checkBookFormBackward" time="2.113" classname="scripts.ConsumerModel"/>
  <testcase name="checkBookFormBackward" time="2.127" classname="scripts.ConsumerModel"/>
  <testcase name="checkBookFormBackward" time="2.127" classname="scripts.ConsumerModel"/>
  <testcase name="checkBookFormBackward" time="2.132" classname="scripts.ConsumerModel"/>
  <testcase name="checkBookFormBackward" time="2.135" classname="scripts.ConsumerModel"/>
  <testcase name="checkBookFormBackward" time="2.112" classname="scripts.ConsumerModel"/>
  <testcase name="checkBookFormBackward" time="2.14" classname="scripts.ConsumerModel"/>
  <testcase name="verifyTotalQTY" time="0.035" classname="scripts.ConsumerModel"/>
  <testcase name="verifyPrice" time="0.149" classname="scripts.ConsumerModel">
    <failure type="java.lang.AssertionError" message="expected [1.0] but found [0.0]">
      <![CDATA[java.lang.AssertionError: expected [1.0] but found [0.0]
at scripts.ConsumerModel.verifyPrice(ConsumerModel.java:481)
... Removed 30 stack frames]]>
    </failure>
  </testcase> <!-- verifyPrice -->
  <testcase name="forwardtoConfirmPage" time="2.347" classname="scripts.ConsumerModel"/>
  <testcase name="navigateToPayment" time="11.259" classname="scripts.Payment"/>
  <testcase name="validatePaymentPrice" time="0.058" classname="scripts.Payment"/>
  <testcase name="cancelPayment" time="19.96" classname="scripts.Payment"/>
  <testcase name="paymentFail" time="0.775" classname="scripts.Payment"/>
  <testcase name="checkBookingid" time="0.055" classname="scripts.Payment"/>
  <testcase name="checkPaymentStatus" time="0.053" classname="scripts.Payment"/>
  <testcase name="checkAddress" time="0.053" classname="scripts.Payment">
    <failure type="java.lang.AssertionError" message="expected [true] but found [false]">
      <![CDATA[java.lang.AssertionError: expected [true] but found [false]
at scripts.Payment.addressCheck(Payment.java:119)
at scripts.Payment.checkAddress(Payment.java:110)
... Removed 29 stack frames]]>
    </failure>
  </testcase> <!-- checkAddress -->
  <testcase name="navigateToHome" time="6.05" classname="scripts.Payment"/>
  <testcase name="zBookingForm" time="20.903" classname="scripts.Payment"/>
  <testcase name="zzRes" time="1.231" classname="scripts.Payment"/>
  <testcase name="navigateToPaymentPage" time="11.821" classname="scripts.Payment"/>
  <testcase name="navigateToPaymentPage" time="11.857" classname="scripts.Payment"/>
  <testcase name="navigateToPaymentPage" time="11.824" classname="scripts.Payment"/>
  <testcase name="navigateToPaymentPage" time="11.797" classname="scripts.Payment"/>
  <testcase name="navigateToPaymentPage" time="11.828" classname="scripts.Payment"/>
  <testcase name="navigateToPaymentPage" time="11.813" classname="scripts.Payment"/>
  <testcase name="navigateToPaymentPage" time="11.767" classname="scripts.Payment"/>
  <testcase name="navigateToPaymentPage" time="11.824" classname="scripts.Payment"/>
  <testcase name="navigateToPaymentPage" time="11.761" classname="scripts.Payment"/>
  <testcase name="znavigateToPayPage" time="20.317" classname="scripts.Payment"/>
  <testcase name="aCreditCard" time="17.438" classname="scripts.Payment"/>
  <testcase name="navigateToHomePage" time="2.521" classname="scripts.CartOperTest"/>
  <testcase name="checkAddCartBtn" time="5.601" classname="scripts.CartOperTest"/>
  <testcase name="dcheckAddCartBtn" time="7.558" classname="scripts.CartOperTest"/>
  <testcase name="echeckAddCartBtn" time="9.471" classname="scripts.CartOperTest"/>
  <testcase name="selectDistAndStockyard" time="14.588" classname="scripts.CartOperTest"/>
  <testcase name="fillBookingForm" time="1.879" classname="scripts.CartOperTest"/>
  <testcase name="fillBookingForm" time="1.786" classname="scripts.CartOperTest"/>
  <testcase name="fillBookingForm" time="1.789" classname="scripts.CartOperTest"/>
  <testcase name="fillBookingForm" time="1.687" classname="scripts.CartOperTest"/>
  <testcase name="fillBookingForm" time="1.734" classname="scripts.CartOperTest"/>
  <testcase name="fillBookingForm" time="1.805" classname="scripts.CartOperTest"/>
  <testcase name="fillBookingForm" time="1.802" classname="scripts.CartOperTest"/>
  <testcase name="fillBookingForm" time="1.7" classname="scripts.CartOperTest"/>
  <testcase name="fillBookingForm" time="1.798" classname="scripts.CartOperTest"/>
  <testcase name="checkQtyB" time="0.093" classname="scripts.CartOperTest"/>
  <testcase name="checkCalculation" time="0.174" classname="scripts.CartOperTest"/>
  <testcase name="clickonAddToCart" time="4.083" classname="scripts.CartOperTest"/>
  <testcase name="checkStockyardInCart" time="2.093" classname="scripts.CartOperTest"/>
  <testcase name="checkQTYInCart" time="2.083" classname="scripts.CartOperTest"/>
  <testcase name="checkPriceInCart" time="2.107" classname="scripts.CartOperTest"/>
  <testcase name="clickOnBuy" time="0.128" classname="scripts.CartOperTest"/>
  <testcase name="checkDestination" time="5.638" classname="scripts.CartOperTest"/>
  <testcase name="checkDestinationWithOutMobile" time="8.311" classname="scripts.CartOperTest"/>
  <testcase name="checkDestinationWithInvalidmobile" time="9.803" classname="scripts.CartOperTest"/>
  <testcase name="checkDestinationWithvalidmobile" time="6.517" classname="scripts.CartOperTest"/>
  <testcase name="checkStockyardinCP" time="0.085" classname="scripts.CartOperTest"/>
  <testcase name="checkUnitPriceCP" time="0.048" classname="scripts.CartOperTest"/>
  <testcase name="checkTotalQTY" time="0.082" classname="scripts.CartOperTest"/>
  <testcase name="checkTotPriceCP" time="0.067" classname="scripts.CartOperTest"/>
  <testcase name="checkGSTinCP" time="0.05" classname="scripts.CartOperTest"/>
  <testcase name="checkTotalPayableinCP" time="0.068" classname="scripts.CartOperTest"/>
  <testcase name="navigateEazypay" time="10.514" classname="scripts.CartOperTest"/>
  <testcase name="checkprice" time="0.056" classname="scripts.CartOperTest"/>
  <testcase name="validatCan" time="15.48" classname="scripts.CartOperTest"/>
  <testcase name="checkResMsg" time="0.123" classname="scripts.CartOperTest"/>
  <testcase name="checkbookingid" time="0.057" classname="scripts.CartOperTest"/>
  <testcase name="checkstatus" time="0.06" classname="scripts.CartOperTest"/>
  <testcase name="checkaddress" time="0.056" classname="scripts.CartOperTest"/>
  <testcase name="navigateHm" time="5.165" classname="scripts.CartOperTest"/>
  <testcase name="preset" time="19.711" classname="scripts.CartOperTest"/>
  <testcase name="fillBookingForm2" time="11.835" classname="scripts.CartOperTest"/>
  <testcase name="fillBookingForm2" time="11.875" classname="scripts.CartOperTest"/>
  <testcase name="fillBookingForm2" time="11.817" classname="scripts.CartOperTest"/>
  <testcase name="fillBookingForm2" time="11.726" classname="scripts.CartOperTest"/>
  <testcase name="fillBookingForm2" time="11.803" classname="scripts.CartOperTest"/>
  <testcase name="fillBookingForm2" time="11.849" classname="scripts.CartOperTest"/>
  <testcase name="fillBookingForm2" time="11.888" classname="scripts.CartOperTest"/>
  <testcase name="fillBookingForm2" time="11.815" classname="scripts.CartOperTest"/>
  <testcase name="fillBookingForm2" time="11.827" classname="scripts.CartOperTest"/>
  <testcase name="checkAll" time="0.24" classname="scripts.CartOperTest"/>
  <testcase name="testaddcart" time="4.455" classname="scripts.CartOperTest"/>
  <testcase name="testQTY" time="2.089" classname="scripts.CartOperTest"/>
  <testcase name="testPrice" time="2.081" classname="scripts.CartOperTest"/>
  <testcase name="testA" time="0.151" classname="scripts.CartOperTest"/>
  <testcase name="RBwithoutLoca" time="5.595" classname="scripts.CartOperTest"/>
  <testcase name="rBWithoutAltmoba" time="8.315" classname="scripts.CartOperTest"/>
  <testcase name="rBInvalidMobilea" time="9.717" classname="scripts.CartOperTest"/>
  <testcase name="validatewithValidRBq" time="6.544" classname="scripts.CartOperTest"/>
  <testcase name="stockyardCPq" time="0.052" classname="scripts.CartOperTest"/>
  <testcase name="unitPriceCPs" time="0.032" classname="scripts.CartOperTest"/>
  <testcase name="totalQTYCPe" time="0.055" classname="scripts.CartOperTest"/>
  <testcase name="totalPriceinCPq" time="0.087" classname="scripts.CartOperTest"/>
  <testcase name="gstinCPd" time="0.083" classname="scripts.CartOperTest"/>
  <testcase name="totalPayableinCPg" time="0.065" classname="scripts.CartOperTest"/>
  <testcase name="navigateToPayments" time="10.527" classname="scripts.CartOperTest"/>
  <testcase name="paymentPrices" time="0.045" classname="scripts.CartOperTest"/>
  <testcase name="creditCncl" time="10.886" classname="scripts.CartOperTest"/>
  <testcase name="afterCredit" time="1.35" classname="scripts.CartOperTest"/>
  <testcase name="goHome" time="5.301" classname="scripts.CartOperTest"/>
  <testcase name="aCheckDistrictEdit" time="0.0" classname="scripts.ConsumerModel">
    <ignored/>
  </testcase> <!-- aCheckDistrictEdit -->
  <testcase name="verifyPriceEdit" time="0.0" classname="scripts.ConsumerModel">
    <ignored/>
  </testcase> <!-- verifyPriceEdit -->
  <testcase name="selectStockEdit" time="0.0" classname="scripts.ConsumerModel">
    <ignored/>
  </testcase> <!-- selectStockEdit -->
  <testcase name="aCheckStockyardEdit" time="0.0" classname="scripts.ConsumerModel">
    <ignored/>
  </testcase> <!-- aCheckStockyardEdit -->
  <testcase name="invalidPwd" time="0.0" classname="scripts.Login">
    <ignored/>
  </testcase> <!-- invalidPwd -->
  <testcase name="navigateToConfirmPay" time="0.0" classname="scripts.ConsumerModel">
    <ignored/>
  </testcase> <!-- navigateToConfirmPay -->
  <testcase name="checkEditVal" time="0.0" classname="scripts.ConsumerModel">
    <ignored/>
  </testcase> <!-- checkEditVal -->
  <testcase name="validtTotalQTYedit" time="0.0" classname="scripts.ConsumerModel">
    <ignored/>
  </testcase> <!-- validtTotalQTYedit -->
  <testcase name="checkEditExistingVal" time="0.0" classname="scripts.ConsumerModel">
    <ignored/>
  </testcase> <!-- checkEditExistingVal -->
  <testcase name="notifyBrowse" time="0.0" classname="scripts.ConsumerModel">
    <ignored/>
  </testcase> <!-- notifyBrowse -->
  <testcase name="blockedUser" time="0.0" classname="scripts.Login">
    <ignored/>
  </testcase> <!-- blockedUser -->
  <testcase name="invalidUser" time="0.0" classname="scripts.Login">
    <ignored/>
  </testcase> <!-- invalidUser -->
</testsuite> <!-- Test -->
