<?xml version="1.0" encoding="UTF-8"?>
<testng-results skipped="0" failed="11" ignored="12" total="207" passed="184">
  <reporter-output>
  </reporter-output>
  <suite name="Suite" duration-ms="1025716" started-at="2019-01-08T05:35:32Z" finished-at="2019-01-08T05:52:38Z">
    <groups>
    </groups>
    <test name="Test" duration-ms="1025716" started-at="2019-01-08T05:35:32Z" finished-at="2019-01-08T05:52:38Z">
      <class name="scripts.CartOperTest">
        <test-method status="PASS" signature="setup(java.lang.String)[pri:0, instance:scripts.CartOperTest@6b57696f]" name="setup" is-config="true" duration-ms="7238" started-at="2019-01-08T05:35:32Z" finished-at="2019-01-08T05:35:40Z">
          <params>
            <param index="0">
              <value>
                <![CDATA[chrome]]>
              </value>
            </param>
          </params>
          <reporter-output>
          </reporter-output>
        </test-method> <!-- setup -->
        <test-method status="PASS" signature="navigatetoregister()[pri:0, instance:scripts.CartOperTest@6b57696f]" name="navigatetoregister" duration-ms="2480" started-at="2019-01-08T05:35:40Z" finished-at="2019-01-08T05:35:42Z">
          <reporter-output>
          </reporter-output>
        </test-method> <!-- navigatetoregister -->
        <test-method status="PASS" signature="failScreenShot(org.testng.ITestResult)[pri:0, instance:scripts.CartOperTest@6b57696f]" name="failScreenShot" is-config="true" duration-ms="2" started-at="2019-01-08T05:35:42Z" finished-at="2019-01-08T05:35:42Z">
          <params>
            <param index="0">
              <value>
                <![CDATA[[TestResult name=navigatetoregister status=SUCCESS method=RegisterAsIndividual.navigatetoregister()[pri:0, instance:scripts.CartOperTest@6b57696f] output={null}]]]>
              </value>
            </param>
          </params>
          <reporter-output>
          </reporter-output>
        </test-method> <!-- failScreenShot -->
        <test-method status="PASS" signature="validateNameofBuyer()[pri:1, instance:scripts.CartOperTest@6b57696f]" name="validateNameofBuyer" duration-ms="5405" started-at="2019-01-08T05:35:42Z" finished-at="2019-01-08T05:35:48Z">
          <reporter-output>
          </reporter-output>
        </test-method> <!-- validateNameofBuyer -->
        <test-method status="PASS" signature="failScreenShot(org.testng.ITestResult)[pri:0, instance:scripts.CartOperTest@6b57696f]" name="failScreenShot" is-config="true" duration-ms="0" started-at="2019-01-08T05:35:48Z" finished-at="2019-01-08T05:35:48Z">
          <params>
            <param index="0">
              <value>
                <![CDATA[[TestResult name=validateNameofBuyer status=SUCCESS method=RegisterAsIndividual.validateNameofBuyer()[pri:1, instance:scripts.CartOperTest@6b57696f] output={null}]]]>
              </value>
            </param>
          </params>
          <reporter-output>
          </reporter-output>
        </test-method> <!-- failScreenShot -->
        <test-method status="PASS" signature="validateAddress()[pri:2, instance:scripts.CartOperTest@6b57696f]" name="validateAddress" duration-ms="8917" started-at="2019-01-08T05:35:48Z" finished-at="2019-01-08T05:35:57Z">
          <reporter-output>
          </reporter-output>
        </test-method> <!-- validateAddress -->
        <test-method status="PASS" signature="failScreenShot(org.testng.ITestResult)[pri:0, instance:scripts.CartOperTest@6b57696f]" name="failScreenShot" is-config="true" duration-ms="0" started-at="2019-01-08T05:35:57Z" finished-at="2019-01-08T05:35:57Z">
          <params>
            <param index="0">
              <value>
                <![CDATA[[TestResult name=validateAddress status=SUCCESS method=RegisterAsIndividual.validateAddress()[pri:2, instance:scripts.CartOperTest@6b57696f] output={null}]]]>
              </value>
            </param>
          </params>
          <reporter-output>
          </reporter-output>
        </test-method> <!-- failScreenShot -->
        <test-method status="PASS" signature="validateMobile()[pri:4, instance:scripts.CartOperTest@6b57696f]" name="validateMobile" duration-ms="8949" started-at="2019-01-08T05:35:57Z" finished-at="2019-01-08T05:36:05Z">
          <reporter-output>
          </reporter-output>
        </test-method> <!-- validateMobile -->
        <test-method status="PASS" signature="failScreenShot(org.testng.ITestResult)[pri:0, instance:scripts.CartOperTest@6b57696f]" name="failScreenShot" is-config="true" duration-ms="1" started-at="2019-01-08T05:36:05Z" finished-at="2019-01-08T05:36:05Z">
          <params>
            <param index="0">
              <value>
                <![CDATA[[TestResult name=validateMobile status=SUCCESS method=RegisterAsIndividual.validateMobile()[pri:4, instance:scripts.CartOperTest@6b57696f] output={null}]]]>
              </value>
            </param>
          </params>
          <reporter-output>
          </reporter-output>
        </test-method> <!-- failScreenShot -->
        <test-method status="PASS" signature="validateInvalidMobile()[pri:5, instance:scripts.CartOperTest@6b57696f]" name="validateInvalidMobile" duration-ms="6982" started-at="2019-01-08T05:36:05Z" finished-at="2019-01-08T05:36:12Z">
          <reporter-output>
          </reporter-output>
        </test-method> <!-- validateInvalidMobile -->
        <test-method status="PASS" signature="failScreenShot(org.testng.ITestResult)[pri:0, instance:scripts.CartOperTest@6b57696f]" name="failScreenShot" is-config="true" duration-ms="1" started-at="2019-01-08T05:36:12Z" finished-at="2019-01-08T05:36:12Z">
          <params>
            <param index="0">
              <value>
                <![CDATA[[TestResult name=validateInvalidMobile status=SUCCESS method=RegisterAsIndividual.validateInvalidMobile()[pri:5, instance:scripts.CartOperTest@6b57696f] output={null}]]]>
              </value>
            </param>
          </params>
          <reporter-output>
          </reporter-output>
        </test-method> <!-- failScreenShot -->
        <test-method status="PASS" signature="validatewithoutOTP()[pri:6, instance:scripts.CartOperTest@6b57696f]" name="validatewithoutOTP" duration-ms="6899" started-at="2019-01-08T05:36:12Z" finished-at="2019-01-08T05:36:19Z">
          <reporter-output>
          </reporter-output>
        </test-method> <!-- validatewithoutOTP -->
        <test-method status="PASS" signature="failScreenShot(org.testng.ITestResult)[pri:0, instance:scripts.CartOperTest@6b57696f]" name="failScreenShot" is-config="true" duration-ms="0" started-at="2019-01-08T05:36:19Z" finished-at="2019-01-08T05:36:19Z">
          <params>
            <param index="0">
              <value>
                <![CDATA[[TestResult name=validatewithoutOTP status=SUCCESS method=RegisterAsIndividual.validatewithoutOTP()[pri:6, instance:scripts.CartOperTest@6b57696f] output={null}]]]>
              </value>
            </param>
          </params>
          <reporter-output>
          </reporter-output>
        </test-method> <!-- failScreenShot -->
        <test-method status="PASS" signature="validatewithInvalidOTP()[pri:7, instance:scripts.CartOperTest@6b57696f]" name="validatewithInvalidOTP" duration-ms="6968" started-at="2019-01-08T05:36:19Z" finished-at="2019-01-08T05:36:26Z">
          <reporter-output>
          </reporter-output>
        </test-method> <!-- validatewithInvalidOTP -->
        <test-method status="PASS" signature="failScreenShot(org.testng.ITestResult)[pri:0, instance:scripts.CartOperTest@6b57696f]" name="failScreenShot" is-config="true" duration-ms="0" started-at="2019-01-08T05:36:26Z" finished-at="2019-01-08T05:36:26Z">
          <params>
            <param index="0">
              <value>
                <![CDATA[[TestResult name=validatewithInvalidOTP status=SUCCESS method=RegisterAsIndividual.validatewithInvalidOTP()[pri:7, instance:scripts.CartOperTest@6b57696f] output={null}]]]>
              </value>
            </param>
          </params>
          <reporter-output>
          </reporter-output>
        </test-method> <!-- failScreenShot -->
        <test-method status="PASS" signature="validatevillage()[pri:8, instance:scripts.CartOperTest@6b57696f]" name="validatevillage" duration-ms="6997" started-at="2019-01-08T05:36:26Z" finished-at="2019-01-08T05:36:33Z">
          <reporter-output>
          </reporter-output>
        </test-method> <!-- validatevillage -->
        <test-method status="PASS" signature="failScreenShot(org.testng.ITestResult)[pri:0, instance:scripts.CartOperTest@6b57696f]" name="failScreenShot" is-config="true" duration-ms="1" started-at="2019-01-08T05:36:33Z" finished-at="2019-01-08T05:36:33Z">
          <params>
            <param index="0">
              <value>
                <![CDATA[[TestResult name=validatevillage status=SUCCESS method=RegisterAsIndividual.validatevillage()[pri:8, instance:scripts.CartOperTest@6b57696f] output={null}]]]>
              </value>
            </param>
          </params>
          <reporter-output>
          </reporter-output>
        </test-method> <!-- failScreenShot -->
        <test-method status="PASS" signature="validateWithOutPinCode()[pri:9, instance:scripts.CartOperTest@6b57696f]" name="validateWithOutPinCode" duration-ms="6966" started-at="2019-01-08T05:36:33Z" finished-at="2019-01-08T05:36:40Z">
          <reporter-output>
          </reporter-output>
        </test-method> <!-- validateWithOutPinCode -->
        <test-method status="PASS" signature="failScreenShot(org.testng.ITestResult)[pri:0, instance:scripts.CartOperTest@6b57696f]" name="failScreenShot" is-config="true" duration-ms="1" started-at="2019-01-08T05:36:40Z" finished-at="2019-01-08T05:36:40Z">
          <params>
            <param index="0">
              <value>
                <![CDATA[[TestResult name=validateWithOutPinCode status=SUCCESS method=RegisterAsIndividual.validateWithOutPinCode()[pri:9, instance:scripts.CartOperTest@6b57696f] output={null}]]]>
              </value>
            </param>
          </params>
          <reporter-output>
          </reporter-output>
        </test-method> <!-- failScreenShot -->
        <test-method status="PASS" signature="validateWithInvalidPinCode()[pri:10, instance:scripts.CartOperTest@6b57696f]" name="validateWithInvalidPinCode" duration-ms="7050" started-at="2019-01-08T05:36:40Z" finished-at="2019-01-08T05:36:47Z">
          <reporter-output>
          </reporter-output>
        </test-method> <!-- validateWithInvalidPinCode -->
        <test-method status="PASS" signature="failScreenShot(org.testng.ITestResult)[pri:0, instance:scripts.CartOperTest@6b57696f]" name="failScreenShot" is-config="true" duration-ms="1" started-at="2019-01-08T05:36:47Z" finished-at="2019-01-08T05:36:47Z">
          <params>
            <param index="0">
              <value>
                <![CDATA[[TestResult name=validateWithInvalidPinCode status=SUCCESS method=RegisterAsIndividual.validateWithInvalidPinCode()[pri:10, instance:scripts.CartOperTest@6b57696f] output={null}]]]>
              </value>
            </param>
          </params>
          <reporter-output>
          </reporter-output>
        </test-method> <!-- failScreenShot -->
        <test-method status="PASS" signature="validateWithoutUserName()[pri:11, instance:scripts.CartOperTest@6b57696f]" name="validateWithoutUserName" duration-ms="6884" started-at="2019-01-08T05:36:47Z" finished-at="2019-01-08T05:36:54Z">
          <reporter-output>
          </reporter-output>
        </test-method> <!-- validateWithoutUserName -->
        <test-method status="PASS" signature="failScreenShot(org.testng.ITestResult)[pri:0, instance:scripts.CartOperTest@6b57696f]" name="failScreenShot" is-config="true" duration-ms="1" started-at="2019-01-08T05:36:54Z" finished-at="2019-01-08T05:36:54Z">
          <params>
            <param index="0">
              <value>
                <![CDATA[[TestResult name=validateWithoutUserName status=SUCCESS method=RegisterAsIndividual.validateWithoutUserName()[pri:11, instance:scripts.CartOperTest@6b57696f] output={null}]]]>
              </value>
            </param>
          </params>
          <reporter-output>
          </reporter-output>
        </test-method> <!-- failScreenShot -->
        <test-method status="PASS" signature="validateWithoutpwd()[pri:12, instance:scripts.CartOperTest@6b57696f]" name="validateWithoutpwd" duration-ms="6824" started-at="2019-01-08T05:36:54Z" finished-at="2019-01-08T05:37:01Z">
          <reporter-output>
          </reporter-output>
        </test-method> <!-- validateWithoutpwd -->
        <test-method status="PASS" signature="failScreenShot(org.testng.ITestResult)[pri:0, instance:scripts.CartOperTest@6b57696f]" name="failScreenShot" is-config="true" duration-ms="0" started-at="2019-01-08T05:37:01Z" finished-at="2019-01-08T05:37:01Z">
          <params>
            <param index="0">
              <value>
                <![CDATA[[TestResult name=validateWithoutpwd status=SUCCESS method=RegisterAsIndividual.validateWithoutpwd()[pri:12, instance:scripts.CartOperTest@6b57696f] output={null}]]]>
              </value>
            </param>
          </params>
          <reporter-output>
          </reporter-output>
        </test-method> <!-- failScreenShot -->
        <test-method status="PASS" signature="validateWithinvalidpwd()[pri:13, instance:scripts.CartOperTest@6b57696f]" name="validateWithinvalidpwd" duration-ms="6842" started-at="2019-01-08T05:37:01Z" finished-at="2019-01-08T05:37:08Z">
          <reporter-output>
          </reporter-output>
        </test-method> <!-- validateWithinvalidpwd -->
        <test-method status="PASS" signature="failScreenShot(org.testng.ITestResult)[pri:0, instance:scripts.CartOperTest@6b57696f]" name="failScreenShot" is-config="true" duration-ms="0" started-at="2019-01-08T05:37:08Z" finished-at="2019-01-08T05:37:08Z">
          <params>
            <param index="0">
              <value>
                <![CDATA[[TestResult name=validateWithinvalidpwd status=SUCCESS method=RegisterAsIndividual.validateWithinvalidpwd()[pri:13, instance:scripts.CartOperTest@6b57696f] output={null}]]]>
              </value>
            </param>
          </params>
          <reporter-output>
          </reporter-output>
        </test-method> <!-- failScreenShot -->
        <test-method status="PASS" signature="validateWithoutcnfmpwd()[pri:14, instance:scripts.CartOperTest@6b57696f]" name="validateWithoutcnfmpwd" duration-ms="6924" started-at="2019-01-08T05:37:08Z" finished-at="2019-01-08T05:37:15Z">
          <reporter-output>
          </reporter-output>
        </test-method> <!-- validateWithoutcnfmpwd -->
        <test-method status="PASS" signature="failScreenShot(org.testng.ITestResult)[pri:0, instance:scripts.CartOperTest@6b57696f]" name="failScreenShot" is-config="true" duration-ms="1" started-at="2019-01-08T05:37:15Z" finished-at="2019-01-08T05:37:15Z">
          <params>
            <param index="0">
              <value>
                <![CDATA[[TestResult name=validateWithoutcnfmpwd status=SUCCESS method=RegisterAsIndividual.validateWithoutcnfmpwd()[pri:14, instance:scripts.CartOperTest@6b57696f] output={null}]]]>
              </value>
            </param>
          </params>
          <reporter-output>
          </reporter-output>
        </test-method> <!-- failScreenShot -->
        <test-method status="PASS" signature="validateWithMismatchcnfmpwd()[pri:15, instance:scripts.CartOperTest@6b57696f]" name="validateWithMismatchcnfmpwd" duration-ms="8205" started-at="2019-01-08T05:37:15Z" finished-at="2019-01-08T05:37:23Z">
          <reporter-output>
          </reporter-output>
        </test-method> <!-- validateWithMismatchcnfmpwd -->
        <test-method status="PASS" signature="failScreenShot(org.testng.ITestResult)[pri:0, instance:scripts.CartOperTest@6b57696f]" name="failScreenShot" is-config="true" duration-ms="0" started-at="2019-01-08T05:37:23Z" finished-at="2019-01-08T05:37:23Z">
          <params>
            <param index="0">
              <value>
                <![CDATA[[TestResult name=validateWithMismatchcnfmpwd status=SUCCESS method=RegisterAsIndividual.validateWithMismatchcnfmpwd()[pri:15, instance:scripts.CartOperTest@6b57696f] output={null}]]]>
              </value>
            </param>
          </params>
          <reporter-output>
          </reporter-output>
        </test-method> <!-- failScreenShot -->
        <test-method status="PASS" signature="validateOtpMismatch()[pri:16, instance:scripts.CartOperTest@6b57696f]" name="validateOtpMismatch" duration-ms="10227" started-at="2019-01-08T05:37:23Z" finished-at="2019-01-08T05:37:33Z">
          <reporter-output>
          </reporter-output>
        </test-method> <!-- validateOtpMismatch -->
        <test-method status="PASS" signature="failScreenShot(org.testng.ITestResult)[pri:0, instance:scripts.CartOperTest@6b57696f]" name="failScreenShot" is-config="true" duration-ms="1" started-at="2019-01-08T05:37:33Z" finished-at="2019-01-08T05:37:33Z">
          <params>
            <param index="0">
              <value>
                <![CDATA[[TestResult name=validateOtpMismatch status=SUCCESS method=RegisterAsIndividual.validateOtpMismatch()[pri:16, instance:scripts.CartOperTest@6b57696f] output={null}]]]>
              </value>
            </param>
          </params>
          <reporter-output>
          </reporter-output>
        </test-method> <!-- failScreenShot -->
        <test-method status="PASS" signature="registerWithValidUser()[pri:18, instance:scripts.CartOperTest@6b57696f]" name="registerWithValidUser" duration-ms="22427" started-at="2019-01-08T05:37:33Z" finished-at="2019-01-08T05:37:56Z">
          <reporter-output>
          </reporter-output>
        </test-method> <!-- registerWithValidUser -->
        <test-method status="PASS" signature="failScreenShot(org.testng.ITestResult)[pri:0, instance:scripts.CartOperTest@6b57696f]" name="failScreenShot" is-config="true" duration-ms="0" started-at="2019-01-08T05:37:56Z" finished-at="2019-01-08T05:37:56Z">
          <params>
            <param index="0">
              <value>
                <![CDATA[[TestResult name=registerWithValidUser status=SUCCESS method=RegisterAsIndividual.registerWithValidUser()[pri:18, instance:scripts.CartOperTest@6b57696f] output={null}]]]>
              </value>
            </param>
          </params>
          <reporter-output>
          </reporter-output>
        </test-method> <!-- failScreenShot -->
        <test-method status="PASS" signature="aDBSet()[pri:19, instance:scripts.CartOperTest@6b57696f]" name="aDBSet" duration-ms="6646" started-at="2019-01-08T05:37:56Z" finished-at="2019-01-08T05:38:02Z">
          <reporter-output>
          </reporter-output>
        </test-method> <!-- aDBSet -->
        <test-method status="PASS" signature="failScreenShot(org.testng.ITestResult)[pri:0, instance:scripts.CartOperTest@6b57696f]" name="failScreenShot" is-config="true" duration-ms="1" started-at="2019-01-08T05:38:02Z" finished-at="2019-01-08T05:38:02Z">
          <params>
            <param index="0">
              <value>
                <![CDATA[[TestResult name=aDBSet status=SUCCESS method=RegisterAsIndividual.aDBSet()[pri:19, instance:scripts.CartOperTest@6b57696f] output={null}]]]>
              </value>
            </param>
          </params>
          <reporter-output>
          </reporter-output>
        </test-method> <!-- failScreenShot -->
        <test-method status="PASS" signature="verifyAddress()[pri:19, instance:scripts.CartOperTest@6b57696f]" name="verifyAddress" duration-ms="2" started-at="2019-01-08T05:38:02Z" finished-at="2019-01-08T05:38:02Z">
          <reporter-output>
          </reporter-output>
        </test-method> <!-- verifyAddress -->
        <test-method status="FAIL" signature="verifyMobile()[pri:19, instance:scripts.CartOperTest@6b57696f]" name="verifyMobile" duration-ms="3" started-at="2019-01-08T05:38:02Z" finished-at="2019-01-08T05:38:02Z">
          <exception class="java.lang.AssertionError">
            <message>
              <![CDATA[expected [true] but found [false]]]>
            </message>
            <full-stacktrace>
              <![CDATA[java.lang.AssertionError: expected [true] but found [false]
at org.testng.Assert.fail(Assert.java:96)
at org.testng.Assert.failNotEquals(Assert.java:776)
at org.testng.Assert.assertTrue(Assert.java:44)
at org.testng.Assert.assertTrue(Assert.java:54)
at generic.MainActivity.assertActExpect(MainActivity.java:179)
at scripts.RegisterAsIndividual.verifyMobile(RegisterAsIndividual.java:378)
at sun.reflect.NativeMethodAccessorImpl.invoke0(Native Method)
at sun.reflect.NativeMethodAccessorImpl.invoke(Unknown Source)
at sun.reflect.DelegatingMethodAccessorImpl.invoke(Unknown Source)
at java.lang.reflect.Method.invoke(Unknown Source)
at org.testng.internal.MethodInvocationHelper.invokeMethod(MethodInvocationHelper.java:124)
at org.testng.internal.Invoker.invokeMethod(Invoker.java:580)
at org.testng.internal.Invoker.invokeTestMethod(Invoker.java:716)
at org.testng.internal.Invoker.invokeTestMethods(Invoker.java:988)
at org.testng.internal.TestMethodWorker.invokeTestMethods(TestMethodWorker.java:125)
at org.testng.internal.TestMethodWorker.run(TestMethodWorker.java:109)
at org.testng.TestRunner.privateRun(TestRunner.java:648)
at org.testng.TestRunner.run(TestRunner.java:505)
at org.testng.SuiteRunner.runTest(SuiteRunner.java:455)
at org.testng.SuiteRunner.runSequentially(SuiteRunner.java:450)
at org.testng.SuiteRunner.privateRun(SuiteRunner.java:415)
at org.testng.SuiteRunner.run(SuiteRunner.java:364)
at org.testng.SuiteRunnerWorker.runSuite(SuiteRunnerWorker.java:52)
at org.testng.SuiteRunnerWorker.run(SuiteRunnerWorker.java:84)
at org.testng.TestNG.runSuitesSequentially(TestNG.java:1208)
at org.testng.TestNG.runSuitesLocally(TestNG.java:1137)
at org.testng.TestNG.runSuites(TestNG.java:1049)
at org.testng.TestNG.run(TestNG.java:1017)
at org.testng.remote.AbstractRemoteTestNG.run(AbstractRemoteTestNG.java:114)
at org.testng.remote.RemoteTestNG.initAndRun(RemoteTestNG.java:251)
at org.testng.remote.RemoteTestNG.main(RemoteTestNG.java:77)
]]>
            </full-stacktrace>
          </exception> <!-- java.lang.AssertionError -->
          <reporter-output>
          </reporter-output>
        </test-method> <!-- verifyMobile -->
        <test-method status="PASS" signature="failScreenShot(org.testng.ITestResult)[pri:0, instance:scripts.CartOperTest@6b57696f]" name="failScreenShot" is-config="true" duration-ms="0" started-at="2019-01-08T05:38:02Z" finished-at="2019-01-08T05:38:02Z">
          <params>
            <param index="0">
              <value>
                <![CDATA[[TestResult name=verifyAddress status=SUCCESS method=RegisterAsIndividual.verifyAddress()[pri:19, instance:scripts.CartOperTest@6b57696f] output={null}]]]>
              </value>
            </param>
          </params>
          <reporter-output>
          </reporter-output>
        </test-method> <!-- failScreenShot -->
        <test-method status="PASS" signature="failScreenShot(org.testng.ITestResult)[pri:0, instance:scripts.CartOperTest@6b57696f]" name="failScreenShot" is-config="true" duration-ms="438" started-at="2019-01-08T05:38:02Z" finished-at="2019-01-08T05:38:03Z">
          <params>
            <param index="0">
              <value>
                <![CDATA[[TestResult name=verifyMobile status=FAILURE method=RegisterAsIndividual.verifyMobile()[pri:19, instance:scripts.CartOperTest@6b57696f] output={null}]]]>
              </value>
            </param>
          </params>
          <reporter-output>
          </reporter-output>
        </test-method> <!-- failScreenShot -->
        <test-method status="PASS" signature="verifyNameWithDB()[pri:19, instance:scripts.CartOperTest@6b57696f]" name="verifyNameWithDB" duration-ms="3" started-at="2019-01-08T05:38:03Z" finished-at="2019-01-08T05:38:03Z">
          <reporter-output>
          </reporter-output>
        </test-method> <!-- verifyNameWithDB -->
        <test-method status="PASS" signature="failScreenShot(org.testng.ITestResult)[pri:0, instance:scripts.CartOperTest@6b57696f]" name="failScreenShot" is-config="true" duration-ms="0" started-at="2019-01-08T05:38:03Z" finished-at="2019-01-08T05:38:03Z">
          <params>
            <param index="0">
              <value>
                <![CDATA[[TestResult name=verifyNameWithDB status=SUCCESS method=RegisterAsIndividual.verifyNameWithDB()[pri:19, instance:scripts.CartOperTest@6b57696f] output={null}]]]>
              </value>
            </param>
          </params>
          <reporter-output>
          </reporter-output>
        </test-method> <!-- failScreenShot -->
        <test-method status="PASS" signature="verifyUser()[pri:19, instance:scripts.CartOperTest@6b57696f]" name="verifyUser" duration-ms="2" started-at="2019-01-08T05:38:03Z" finished-at="2019-01-08T05:38:03Z">
          <reporter-output>
          </reporter-output>
        </test-method> <!-- verifyUser -->
        <test-method status="PASS" signature="failScreenShot(org.testng.ITestResult)[pri:0, instance:scripts.CartOperTest@6b57696f]" name="failScreenShot" is-config="true" duration-ms="2" started-at="2019-01-08T05:38:03Z" finished-at="2019-01-08T05:38:03Z">
          <params>
            <param index="0">
              <value>
                <![CDATA[[TestResult name=verifyUser status=SUCCESS method=RegisterAsIndividual.verifyUser()[pri:19, instance:scripts.CartOperTest@6b57696f] output={null}]]]>
              </value>
            </param>
          </params>
          <reporter-output>
          </reporter-output>
        </test-method> <!-- failScreenShot -->
        <test-method status="PASS" signature="verifyemail()[pri:19, instance:scripts.CartOperTest@6b57696f]" name="verifyemail" duration-ms="2" started-at="2019-01-08T05:38:03Z" finished-at="2019-01-08T05:38:03Z">
          <reporter-output>
          </reporter-output>
        </test-method> <!-- verifyemail -->
        <test-method status="PASS" signature="verifypan()[pri:19, instance:scripts.CartOperTest@6b57696f]" name="verifypan" duration-ms="3" started-at="2019-01-08T05:38:03Z" finished-at="2019-01-08T05:38:03Z">
          <reporter-output>
          </reporter-output>
        </test-method> <!-- verifypan -->
        <test-method status="PASS" signature="failScreenShot(org.testng.ITestResult)[pri:0, instance:scripts.CartOperTest@6b57696f]" name="failScreenShot" is-config="true" duration-ms="0" started-at="2019-01-08T05:38:03Z" finished-at="2019-01-08T05:38:03Z">
          <params>
            <param index="0">
              <value>
                <![CDATA[[TestResult name=verifyemail status=SUCCESS method=RegisterAsIndividual.verifyemail()[pri:19, instance:scripts.CartOperTest@6b57696f] output={null}]]]>
              </value>
            </param>
          </params>
          <reporter-output>
          </reporter-output>
        </test-method> <!-- failScreenShot -->
        <test-method status="PASS" signature="failScreenShot(org.testng.ITestResult)[pri:0, instance:scripts.CartOperTest@6b57696f]" name="failScreenShot" is-config="true" duration-ms="0" started-at="2019-01-08T05:38:03Z" finished-at="2019-01-08T05:38:03Z">
          <params>
            <param index="0">
              <value>
                <![CDATA[[TestResult name=verifypan status=SUCCESS method=RegisterAsIndividual.verifypan()[pri:19, instance:scripts.CartOperTest@6b57696f] output={null}]]]>
              </value>
            </param>
          </params>
          <reporter-output>
          </reporter-output>
        </test-method> <!-- failScreenShot -->
        <test-method status="PASS" signature="verifypincode()[pri:19, instance:scripts.CartOperTest@6b57696f]" name="verifypincode" duration-ms="2" started-at="2019-01-08T05:38:03Z" finished-at="2019-01-08T05:38:03Z">
          <reporter-output>
          </reporter-output>
        </test-method> <!-- verifypincode -->
        <test-method status="PASS" signature="failScreenShot(org.testng.ITestResult)[pri:0, instance:scripts.CartOperTest@6b57696f]" name="failScreenShot" is-config="true" duration-ms="1" started-at="2019-01-08T05:38:03Z" finished-at="2019-01-08T05:38:03Z">
          <params>
            <param index="0">
              <value>
                <![CDATA[[TestResult name=verifypincode status=SUCCESS method=RegisterAsIndividual.verifypincode()[pri:19, instance:scripts.CartOperTest@6b57696f] output={null}]]]>
              </value>
            </param>
          </params>
          <reporter-output>
          </reporter-output>
        </test-method> <!-- failScreenShot -->
        <test-method status="PASS" signature="verifyvillage()[pri:19, instance:scripts.CartOperTest@6b57696f]" name="verifyvillage" duration-ms="1" started-at="2019-01-08T05:38:03Z" finished-at="2019-01-08T05:38:03Z">
          <reporter-output>
          </reporter-output>
        </test-method> <!-- verifyvillage -->
        <test-method status="PASS" signature="failScreenShot(org.testng.ITestResult)[pri:0, instance:scripts.CartOperTest@6b57696f]" name="failScreenShot" is-config="true" duration-ms="0" started-at="2019-01-08T05:38:03Z" finished-at="2019-01-08T05:38:03Z">
          <params>
            <param index="0">
              <value>
                <![CDATA[[TestResult name=verifyvillage status=SUCCESS method=RegisterAsIndividual.verifyvillage()[pri:19, instance:scripts.CartOperTest@6b57696f] output={null}]]]>
              </value>
            </param>
          </params>
          <reporter-output>
          </reporter-output>
        </test-method> <!-- failScreenShot -->
        <test-method status="PASS" signature="wNavigateToRegister()[pri:19, instance:scripts.CartOperTest@6b57696f]" name="wNavigateToRegister" duration-ms="2386" started-at="2019-01-08T05:38:03Z" finished-at="2019-01-08T05:38:05Z">
          <reporter-output>
          </reporter-output>
        </test-method> <!-- wNavigateToRegister -->
        <test-method status="PASS" signature="failScreenShot(org.testng.ITestResult)[pri:0, instance:scripts.CartOperTest@6b57696f]" name="failScreenShot" is-config="true" duration-ms="1" started-at="2019-01-08T05:38:05Z" finished-at="2019-01-08T05:38:05Z">
          <params>
            <param index="0">
              <value>
                <![CDATA[[TestResult name=wNavigateToRegister status=SUCCESS method=RegisterAsIndividual.wNavigateToRegister()[pri:19, instance:scripts.CartOperTest@6b57696f] output={null}]]]>
              </value>
            </param>
          </params>
          <reporter-output>
          </reporter-output>
        </test-method> <!-- failScreenShot -->
        <test-method status="FAIL" signature="xvalidateMobileAlready()[pri:19, instance:scripts.CartOperTest@6b57696f]" name="xvalidateMobileAlready" duration-ms="6923" started-at="2019-01-08T05:38:05Z" finished-at="2019-01-08T05:38:12Z">
          <exception class="java.lang.AssertionError">
            <message>
              <![CDATA[expected [true] but found [false]]]>
            </message>
            <full-stacktrace>
              <![CDATA[java.lang.AssertionError: expected [true] but found [false]
at org.testng.Assert.fail(Assert.java:96)
at org.testng.Assert.failNotEquals(Assert.java:776)
at org.testng.Assert.assertTrue(Assert.java:44)
at org.testng.Assert.assertTrue(Assert.java:54)
at generic.MainActivity.asserAlert(MainActivity.java:94)
at scripts.RegisterAsIndividual.xvalidateMobileAlready(RegisterAsIndividual.java:392)
at sun.reflect.NativeMethodAccessorImpl.invoke0(Native Method)
at sun.reflect.NativeMethodAccessorImpl.invoke(Unknown Source)
at sun.reflect.DelegatingMethodAccessorImpl.invoke(Unknown Source)
at java.lang.reflect.Method.invoke(Unknown Source)
at org.testng.internal.MethodInvocationHelper.invokeMethod(MethodInvocationHelper.java:124)
at org.testng.internal.Invoker.invokeMethod(Invoker.java:580)
at org.testng.internal.Invoker.invokeTestMethod(Invoker.java:716)
at org.testng.internal.Invoker.invokeTestMethods(Invoker.java:988)
at org.testng.internal.TestMethodWorker.invokeTestMethods(TestMethodWorker.java:125)
at org.testng.internal.TestMethodWorker.run(TestMethodWorker.java:109)
at org.testng.TestRunner.privateRun(TestRunner.java:648)
at org.testng.TestRunner.run(TestRunner.java:505)
at org.testng.SuiteRunner.runTest(SuiteRunner.java:455)
at org.testng.SuiteRunner.runSequentially(SuiteRunner.java:450)
at org.testng.SuiteRunner.privateRun(SuiteRunner.java:415)
at org.testng.SuiteRunner.run(SuiteRunner.java:364)
at org.testng.SuiteRunnerWorker.runSuite(SuiteRunnerWorker.java:52)
at org.testng.SuiteRunnerWorker.run(SuiteRunnerWorker.java:84)
at org.testng.TestNG.runSuitesSequentially(TestNG.java:1208)
at org.testng.TestNG.runSuitesLocally(TestNG.java:1137)
at org.testng.TestNG.runSuites(TestNG.java:1049)
at org.testng.TestNG.run(TestNG.java:1017)
at org.testng.remote.AbstractRemoteTestNG.run(AbstractRemoteTestNG.java:114)
at org.testng.remote.RemoteTestNG.initAndRun(RemoteTestNG.java:251)
at org.testng.remote.RemoteTestNG.main(RemoteTestNG.java:77)
]]>
            </full-stacktrace>
          </exception> <!-- java.lang.AssertionError -->
          <reporter-output>
          </reporter-output>
        </test-method> <!-- xvalidateMobileAlready -->
        <test-method status="PASS" signature="failScreenShot(org.testng.ITestResult)[pri:0, instance:scripts.CartOperTest@6b57696f]" name="failScreenShot" is-config="true" duration-ms="292" started-at="2019-01-08T05:38:12Z" finished-at="2019-01-08T05:38:12Z">
          <params>
            <param index="0">
              <value>
                <![CDATA[[TestResult name=xvalidateMobileAlready status=FAILURE method=RegisterAsIndividual.xvalidateMobileAlready()[pri:19, instance:scripts.CartOperTest@6b57696f] output={null}]]]>
              </value>
            </param>
          </params>
          <reporter-output>
          </reporter-output>
        </test-method> <!-- failScreenShot -->
        <test-method status="PASS" signature="zNavigateToLogin()[pri:19, instance:scripts.CartOperTest@6b57696f]" name="zNavigateToLogin" duration-ms="2322" started-at="2019-01-08T05:38:12Z" finished-at="2019-01-08T05:38:15Z">
          <reporter-output>
          </reporter-output>
        </test-method> <!-- zNavigateToLogin -->
        <test-method status="PASS" signature="failScreenShot(org.testng.ITestResult)[pri:0, instance:scripts.CartOperTest@6b57696f]" name="failScreenShot" is-config="true" duration-ms="0" started-at="2019-01-08T05:38:15Z" finished-at="2019-01-08T05:38:15Z">
          <params>
            <param index="0">
              <value>
                <![CDATA[[TestResult name=zNavigateToLogin status=SUCCESS method=RegisterAsIndividual.zNavigateToLogin()[pri:19, instance:scripts.CartOperTest@6b57696f] output={null}]]]>
              </value>
            </param>
          </params>
          <reporter-output>
          </reporter-output>
        </test-method> <!-- failScreenShot -->
        <test-method status="FAIL" signature="verifygst()[pri:19, instance:scripts.CartOperTest@6b57696f]" name="verifygst" duration-ms="0" started-at="2019-01-08T05:38:15Z" finished-at="2019-01-08T05:38:15Z">
          <exception class="java.lang.NullPointerException">
            <full-stacktrace>
              <![CDATA[java.lang.NullPointerException
at pages.RegisterPage.getGSTNO(RegisterPage.java:115)
at scripts.RegisterAsIndividual.verifygst(RegisterAsIndividual.java:360)
at sun.reflect.NativeMethodAccessorImpl.invoke0(Native Method)
at sun.reflect.NativeMethodAccessorImpl.invoke(Unknown Source)
at sun.reflect.DelegatingMethodAccessorImpl.invoke(Unknown Source)
at java.lang.reflect.Method.invoke(Unknown Source)
at org.testng.internal.MethodInvocationHelper.invokeMethod(MethodInvocationHelper.java:124)
at org.testng.internal.Invoker.invokeMethod(Invoker.java:580)
at org.testng.internal.Invoker.invokeTestMethod(Invoker.java:716)
at org.testng.internal.Invoker.invokeTestMethods(Invoker.java:988)
at org.testng.internal.TestMethodWorker.invokeTestMethods(TestMethodWorker.java:125)
at org.testng.internal.TestMethodWorker.run(TestMethodWorker.java:109)
at org.testng.TestRunner.privateRun(TestRunner.java:648)
at org.testng.TestRunner.run(TestRunner.java:505)
at org.testng.SuiteRunner.runTest(SuiteRunner.java:455)
at org.testng.SuiteRunner.runSequentially(SuiteRunner.java:450)
at org.testng.SuiteRunner.privateRun(SuiteRunner.java:415)
at org.testng.SuiteRunner.run(SuiteRunner.java:364)
at org.testng.SuiteRunnerWorker.runSuite(SuiteRunnerWorker.java:52)
at org.testng.SuiteRunnerWorker.run(SuiteRunnerWorker.java:84)
at org.testng.TestNG.runSuitesSequentially(TestNG.java:1208)
at org.testng.TestNG.runSuitesLocally(TestNG.java:1137)
at org.testng.TestNG.runSuites(TestNG.java:1049)
at org.testng.TestNG.run(TestNG.java:1017)
at org.testng.remote.AbstractRemoteTestNG.run(AbstractRemoteTestNG.java:114)
at org.testng.remote.RemoteTestNG.initAndRun(RemoteTestNG.java:251)
at org.testng.remote.RemoteTestNG.main(RemoteTestNG.java:77)
]]>
            </full-stacktrace>
          </exception> <!-- java.lang.NullPointerException -->
          <reporter-output>
          </reporter-output>
        </test-method> <!-- verifygst -->
        <test-method status="PASS" signature="failScreenShot(org.testng.ITestResult)[pri:0, instance:scripts.CartOperTest@6b57696f]" name="failScreenShot" is-config="true" duration-ms="358" started-at="2019-01-08T05:38:15Z" finished-at="2019-01-08T05:38:15Z">
          <params>
            <param index="0">
              <value>
                <![CDATA[[TestResult name=verifygst status=FAILURE method=RegisterAsIndividual.verifygst()[pri:19, instance:scripts.CartOperTest@6b57696f] output={null}]]]>
              </value>
            </param>
          </params>
          <reporter-output>
          </reporter-output>
        </test-method> <!-- failScreenShot -->
        <test-method status="FAIL" signature="yvalidateUsernameAlready()[pri:19, instance:scripts.CartOperTest@6b57696f]" name="yvalidateUsernameAlready" duration-ms="5291" started-at="2019-01-08T05:38:15Z" finished-at="2019-01-08T05:38:20Z">
          <exception class="org.openqa.selenium.NoSuchElementException">
            <message>
              <![CDATA[no such element: Unable to locate element: {"method":"id","selector":"buyer"}
  (Session info: chrome=71.0.3578.98)
  (Driver info: chromedriver=2.42.591088 (7b2b2dca23cca0862f674758c9a3933e685c27d5),platform=Windows NT 10.0.16299 x86_64) (WARNING: The server did not provide any stacktrace information)
Command duration or timeout: 0 milliseconds
For documentation on this error, please visit: http://seleniumhq.org/exceptions/no_such_element.html
Build info: version: '3.14.0', revision: 'aacccce0', time: '2018-08-02T20:13:22.693Z'
System info: host: 'T4UBLRLPUSR093', ip: '172.16.2.150', os.name: 'Windows 10', os.arch: 'amd64', os.version: '10.0', java.version: '1.8.0_181'
Driver info: org.openqa.selenium.chrome.ChromeDriver
Capabilities {acceptInsecureCerts: false, acceptSslCerts: false, applicationCacheEnabled: false, browserConnectionEnabled: false, browserName: chrome, chrome: {chromedriverVersion: 2.42.591088 (7b2b2dca23cca0..., userDataDir: C:\Users\CGN04\AppData\Loca...}, cssSelectorsEnabled: true, databaseEnabled: false, goog:chromeOptions: {debuggerAddress: localhost:50330}, handlesAlerts: true, hasTouchScreen: false, javascriptEnabled: true, locationContextEnabled: true, mobileEmulationEnabled: false, nativeEvents: true, networkConnectionEnabled: false, pageLoadStrategy: normal, platform: XP, platformName: XP, rotatable: false, setWindowRect: true, takesHeapSnapshot: true, takesScreenshot: true, unexpectedAlertBehaviour: , unhandledPromptBehavior: , version: 71.0.3578.98, webStorageEnabled: true}
Session ID: cc0466ccc09231b2a68270147c933448
*** Element info: {Using=id, value=buyer}]]>
            </message>
            <full-stacktrace>
              <![CDATA[org.openqa.selenium.NoSuchElementException: no such element: Unable to locate element: {"method":"id","selector":"buyer"}
  (Session info: chrome=71.0.3578.98)
  (Driver info: chromedriver=2.42.591088 (7b2b2dca23cca0862f674758c9a3933e685c27d5),platform=Windows NT 10.0.16299 x86_64) (WARNING: The server did not provide any stacktrace information)
Command duration or timeout: 0 milliseconds
For documentation on this error, please visit: http://seleniumhq.org/exceptions/no_such_element.html
Build info: version: '3.14.0', revision: 'aacccce0', time: '2018-08-02T20:13:22.693Z'
System info: host: 'T4UBLRLPUSR093', ip: '172.16.2.150', os.name: 'Windows 10', os.arch: 'amd64', os.version: '10.0', java.version: '1.8.0_181'
Driver info: org.openqa.selenium.chrome.ChromeDriver
Capabilities {acceptInsecureCerts: false, acceptSslCerts: false, applicationCacheEnabled: false, browserConnectionEnabled: false, browserName: chrome, chrome: {chromedriverVersion: 2.42.591088 (7b2b2dca23cca0..., userDataDir: C:\Users\CGN04\AppData\Loca...}, cssSelectorsEnabled: true, databaseEnabled: false, goog:chromeOptions: {debuggerAddress: localhost:50330}, handlesAlerts: true, hasTouchScreen: false, javascriptEnabled: true, locationContextEnabled: true, mobileEmulationEnabled: false, nativeEvents: true, networkConnectionEnabled: false, pageLoadStrategy: normal, platform: XP, platformName: XP, rotatable: false, setWindowRect: true, takesHeapSnapshot: true, takesScreenshot: true, unexpectedAlertBehaviour: , unhandledPromptBehavior: , version: 71.0.3578.98, webStorageEnabled: true}
Session ID: cc0466ccc09231b2a68270147c933448
*** Element info: {Using=id, value=buyer}
at sun.reflect.NativeConstructorAccessorImpl.newInstance0(Native Method)
at sun.reflect.NativeConstructorAccessorImpl.newInstance(Unknown Source)
at sun.reflect.DelegatingConstructorAccessorImpl.newInstance(Unknown Source)
at java.lang.reflect.Constructor.newInstance(Unknown Source)
at org.openqa.selenium.remote.ErrorHandler.createThrowable(ErrorHandler.java:214)
at org.openqa.selenium.remote.ErrorHandler.throwIfResponseFailed(ErrorHandler.java:166)
at org.openqa.selenium.remote.http.JsonHttpResponseCodec.reconstructValue(JsonHttpResponseCodec.java:40)
at org.openqa.selenium.remote.http.AbstractHttpResponseCodec.decode(AbstractHttpResponseCodec.java:80)
at org.openqa.selenium.remote.http.AbstractHttpResponseCodec.decode(AbstractHttpResponseCodec.java:44)
at org.openqa.selenium.remote.HttpCommandExecutor.execute(HttpCommandExecutor.java:158)
at org.openqa.selenium.remote.service.DriverCommandExecutor.execute(DriverCommandExecutor.java:83)
at org.openqa.selenium.remote.RemoteWebDriver.execute(RemoteWebDriver.java:548)
at org.openqa.selenium.remote.RemoteWebDriver.findElement(RemoteWebDriver.java:322)
at org.openqa.selenium.remote.RemoteWebDriver.findElementById(RemoteWebDriver.java:368)
at org.openqa.selenium.By$ById.findElement(By.java:188)
at org.openqa.selenium.remote.RemoteWebDriver.findElement(RemoteWebDriver.java:314)
at org.openqa.selenium.support.pagefactory.DefaultElementLocator.findElement(DefaultElementLocator.java:69)
at org.openqa.selenium.support.pagefactory.internal.LocatingElementHandler.invoke(LocatingElementHandler.java:38)
at com.sun.proxy.$Proxy13.clear(Unknown Source)
at generic.MainActivity.sendKey(MainActivity.java:57)
at scripts.RegisterAsIndividual.yvalidateUsernameAlready(RegisterAsIndividual.java:399)
at sun.reflect.NativeMethodAccessorImpl.invoke0(Native Method)
at sun.reflect.NativeMethodAccessorImpl.invoke(Unknown Source)
at sun.reflect.DelegatingMethodAccessorImpl.invoke(Unknown Source)
at java.lang.reflect.Method.invoke(Unknown Source)
at org.testng.internal.MethodInvocationHelper.invokeMethod(MethodInvocationHelper.java:124)
at org.testng.internal.Invoker.invokeMethod(Invoker.java:580)
at org.testng.internal.Invoker.invokeTestMethod(Invoker.java:716)
at org.testng.internal.Invoker.invokeTestMethods(Invoker.java:988)
at org.testng.internal.TestMethodWorker.invokeTestMethods(TestMethodWorker.java:125)
at org.testng.internal.TestMethodWorker.run(TestMethodWorker.java:109)
at org.testng.TestRunner.privateRun(TestRunner.java:648)
at org.testng.TestRunner.run(TestRunner.java:505)
at org.testng.SuiteRunner.runTest(SuiteRunner.java:455)
at org.testng.SuiteRunner.runSequentially(SuiteRunner.java:450)
at org.testng.SuiteRunner.privateRun(SuiteRunner.java:415)
at org.testng.SuiteRunner.run(SuiteRunner.java:364)
at org.testng.SuiteRunnerWorker.runSuite(SuiteRunnerWorker.java:52)
at org.testng.SuiteRunnerWorker.run(SuiteRunnerWorker.java:84)
at org.testng.TestNG.runSuitesSequentially(TestNG.java:1208)
at org.testng.TestNG.runSuitesLocally(TestNG.java:1137)
at org.testng.TestNG.runSuites(TestNG.java:1049)
at org.testng.TestNG.run(TestNG.java:1017)
at org.testng.remote.AbstractRemoteTestNG.run(AbstractRemoteTestNG.java:114)
at org.testng.remote.RemoteTestNG.initAndRun(RemoteTestNG.java:251)
at org.testng.remote.RemoteTestNG.main(RemoteTestNG.java:77)
]]>
            </full-stacktrace>
          </exception> <!-- org.openqa.selenium.NoSuchElementException -->
          <reporter-output>
          </reporter-output>
        </test-method> <!-- yvalidateUsernameAlready -->
        <test-method status="PASS" signature="failScreenShot(org.testng.ITestResult)[pri:0, instance:scripts.CartOperTest@6b57696f]" name="failScreenShot" is-config="true" duration-ms="283" started-at="2019-01-08T05:38:20Z" finished-at="2019-01-08T05:38:21Z">
          <params>
            <param index="0">
              <value>
                <![CDATA[[TestResult name=yvalidateUsernameAlready status=FAILURE method=RegisterAsIndividual.yvalidateUsernameAlready()[pri:19, instance:scripts.CartOperTest@6b57696f] output={null}]]]>
              </value>
            </param>
          </params>
          <reporter-output>
          </reporter-output>
        </test-method> <!-- failScreenShot -->
        <test-method status="PASS" signature="navigateToForgotPwd()[pri:20, instance:scripts.CartOperTest@6b57696f]" name="navigateToForgotPwd" duration-ms="5262" started-at="2019-01-08T05:38:21Z" finished-at="2019-01-08T05:38:26Z">
          <reporter-output>
          </reporter-output>
        </test-method> <!-- navigateToForgotPwd -->
        <test-method status="PASS" signature="failScreenShot(org.testng.ITestResult)[pri:0, instance:scripts.CartOperTest@6b57696f]" name="failScreenShot" is-config="true" duration-ms="1" started-at="2019-01-08T05:38:26Z" finished-at="2019-01-08T05:38:26Z">
          <params>
            <param index="0">
              <value>
                <![CDATA[[TestResult name=navigateToForgotPwd status=SUCCESS method=ForgotPassword.navigateToForgotPwd()[pri:20, instance:scripts.CartOperTest@6b57696f] output={null}]]]>
              </value>
            </param>
          </params>
          <reporter-output>
          </reporter-output>
        </test-method> <!-- failScreenShot -->
        <test-method status="PASS" signature="forgotPasswordwithoutUserName()[pri:21, instance:scripts.CartOperTest@6b57696f]" name="forgotPasswordwithoutUserName" duration-ms="5550" started-at="2019-01-08T05:38:26Z" finished-at="2019-01-08T05:38:31Z">
          <reporter-output>
          </reporter-output>
        </test-method> <!-- forgotPasswordwithoutUserName -->
        <test-method status="PASS" signature="failScreenShot(org.testng.ITestResult)[pri:0, instance:scripts.CartOperTest@6b57696f]" name="failScreenShot" is-config="true" duration-ms="0" started-at="2019-01-08T05:38:31Z" finished-at="2019-01-08T05:38:31Z">
          <params>
            <param index="0">
              <value>
                <![CDATA[[TestResult name=forgotPasswordwithoutUserName status=SUCCESS method=ForgotPassword.forgotPasswordwithoutUserName()[pri:21, instance:scripts.CartOperTest@6b57696f] output={null}]]]>
              </value>
            </param>
          </params>
          <reporter-output>
          </reporter-output>
        </test-method> <!-- failScreenShot -->
        <test-method status="PASS" signature="forgotPasswordwithoutNum()[pri:22, instance:scripts.CartOperTest@6b57696f]" name="forgotPasswordwithoutNum" duration-ms="6875" started-at="2019-01-08T05:38:31Z" finished-at="2019-01-08T05:38:38Z">
          <reporter-output>
          </reporter-output>
        </test-method> <!-- forgotPasswordwithoutNum -->
        <test-method status="PASS" signature="failScreenShot(org.testng.ITestResult)[pri:0, instance:scripts.CartOperTest@6b57696f]" name="failScreenShot" is-config="true" duration-ms="0" started-at="2019-01-08T05:38:38Z" finished-at="2019-01-08T05:38:38Z">
          <params>
            <param index="0">
              <value>
                <![CDATA[[TestResult name=forgotPasswordwithoutNum status=SUCCESS method=ForgotPassword.forgotPasswordwithoutNum()[pri:22, instance:scripts.CartOperTest@6b57696f] output={null}]]]>
              </value>
            </param>
          </params>
          <reporter-output>
          </reporter-output>
        </test-method> <!-- failScreenShot -->
        <test-method status="PASS" signature="forgotPasswordwithInvalidMobile()[pri:23, instance:scripts.CartOperTest@6b57696f]" name="forgotPasswordwithInvalidMobile" duration-ms="8342" started-at="2019-01-08T05:38:38Z" finished-at="2019-01-08T05:38:47Z">
          <reporter-output>
          </reporter-output>
        </test-method> <!-- forgotPasswordwithInvalidMobile -->
        <test-method status="PASS" signature="failScreenShot(org.testng.ITestResult)[pri:0, instance:scripts.CartOperTest@6b57696f]" name="failScreenShot" is-config="true" duration-ms="0" started-at="2019-01-08T05:38:47Z" finished-at="2019-01-08T05:38:47Z">
          <params>
            <param index="0">
              <value>
                <![CDATA[[TestResult name=forgotPasswordwithInvalidMobile status=SUCCESS method=ForgotPassword.forgotPasswordwithInvalidMobile()[pri:23, instance:scripts.CartOperTest@6b57696f] output={null}]]]>
              </value>
            </param>
          </params>
          <reporter-output>
          </reporter-output>
        </test-method> <!-- failScreenShot -->
        <test-method status="FAIL" signature="forgotPasswordwithInvaliddata()[pri:24, instance:scripts.CartOperTest@6b57696f]" name="forgotPasswordwithInvaliddata" duration-ms="11145" started-at="2019-01-08T05:38:47Z" finished-at="2019-01-08T05:38:58Z">
          <exception class="org.openqa.selenium.NoSuchElementException">
            <message>
              <![CDATA[no such element: Unable to locate element: {"method":"xpath","selector":"//*[@class='swal-text']"}
  (Session info: chrome=71.0.3578.98)
  (Driver info: chromedriver=2.42.591088 (7b2b2dca23cca0862f674758c9a3933e685c27d5),platform=Windows NT 10.0.16299 x86_64) (WARNING: The server did not provide any stacktrace information)
Command duration or timeout: 0 milliseconds
For documentation on this error, please visit: http://seleniumhq.org/exceptions/no_such_element.html
Build info: version: '3.14.0', revision: 'aacccce0', time: '2018-08-02T20:13:22.693Z'
System info: host: 'T4UBLRLPUSR093', ip: '172.16.2.150', os.name: 'Windows 10', os.arch: 'amd64', os.version: '10.0', java.version: '1.8.0_181'
Driver info: org.openqa.selenium.chrome.ChromeDriver
Capabilities {acceptInsecureCerts: false, acceptSslCerts: false, applicationCacheEnabled: false, browserConnectionEnabled: false, browserName: chrome, chrome: {chromedriverVersion: 2.42.591088 (7b2b2dca23cca0..., userDataDir: C:\Users\CGN04\AppData\Loca...}, cssSelectorsEnabled: true, databaseEnabled: false, goog:chromeOptions: {debuggerAddress: localhost:50330}, handlesAlerts: true, hasTouchScreen: false, javascriptEnabled: true, locationContextEnabled: true, mobileEmulationEnabled: false, nativeEvents: true, networkConnectionEnabled: false, pageLoadStrategy: normal, platform: XP, platformName: XP, rotatable: false, setWindowRect: true, takesHeapSnapshot: true, takesScreenshot: true, unexpectedAlertBehaviour: , unhandledPromptBehavior: , version: 71.0.3578.98, webStorageEnabled: true}
Session ID: cc0466ccc09231b2a68270147c933448
*** Element info: {Using=xpath, value=//*[@class='swal-text']}]]>
            </message>
            <full-stacktrace>
              <![CDATA[org.openqa.selenium.NoSuchElementException: no such element: Unable to locate element: {"method":"xpath","selector":"//*[@class='swal-text']"}
  (Session info: chrome=71.0.3578.98)
  (Driver info: chromedriver=2.42.591088 (7b2b2dca23cca0862f674758c9a3933e685c27d5),platform=Windows NT 10.0.16299 x86_64) (WARNING: The server did not provide any stacktrace information)
Command duration or timeout: 0 milliseconds
For documentation on this error, please visit: http://seleniumhq.org/exceptions/no_such_element.html
Build info: version: '3.14.0', revision: 'aacccce0', time: '2018-08-02T20:13:22.693Z'
System info: host: 'T4UBLRLPUSR093', ip: '172.16.2.150', os.name: 'Windows 10', os.arch: 'amd64', os.version: '10.0', java.version: '1.8.0_181'
Driver info: org.openqa.selenium.chrome.ChromeDriver
Capabilities {acceptInsecureCerts: false, acceptSslCerts: false, applicationCacheEnabled: false, browserConnectionEnabled: false, browserName: chrome, chrome: {chromedriverVersion: 2.42.591088 (7b2b2dca23cca0..., userDataDir: C:\Users\CGN04\AppData\Loca...}, cssSelectorsEnabled: true, databaseEnabled: false, goog:chromeOptions: {debuggerAddress: localhost:50330}, handlesAlerts: true, hasTouchScreen: false, javascriptEnabled: true, locationContextEnabled: true, mobileEmulationEnabled: false, nativeEvents: true, networkConnectionEnabled: false, pageLoadStrategy: normal, platform: XP, platformName: XP, rotatable: false, setWindowRect: true, takesHeapSnapshot: true, takesScreenshot: true, unexpectedAlertBehaviour: , unhandledPromptBehavior: , version: 71.0.3578.98, webStorageEnabled: true}
Session ID: cc0466ccc09231b2a68270147c933448
*** Element info: {Using=xpath, value=//*[@class='swal-text']}
at sun.reflect.NativeConstructorAccessorImpl.newInstance0(Native Method)
at sun.reflect.NativeConstructorAccessorImpl.newInstance(Unknown Source)
at sun.reflect.DelegatingConstructorAccessorImpl.newInstance(Unknown Source)
at java.lang.reflect.Constructor.newInstance(Unknown Source)
at org.openqa.selenium.remote.ErrorHandler.createThrowable(ErrorHandler.java:214)
at org.openqa.selenium.remote.ErrorHandler.throwIfResponseFailed(ErrorHandler.java:166)
at org.openqa.selenium.remote.http.JsonHttpResponseCodec.reconstructValue(JsonHttpResponseCodec.java:40)
at org.openqa.selenium.remote.http.AbstractHttpResponseCodec.decode(AbstractHttpResponseCodec.java:80)
at org.openqa.selenium.remote.http.AbstractHttpResponseCodec.decode(AbstractHttpResponseCodec.java:44)
at org.openqa.selenium.remote.HttpCommandExecutor.execute(HttpCommandExecutor.java:158)
at org.openqa.selenium.remote.service.DriverCommandExecutor.execute(DriverCommandExecutor.java:83)
at org.openqa.selenium.remote.RemoteWebDriver.execute(RemoteWebDriver.java:548)
at org.openqa.selenium.remote.RemoteWebDriver.findElement(RemoteWebDriver.java:322)
at org.openqa.selenium.remote.RemoteWebDriver.findElementByXPath(RemoteWebDriver.java:424)
at org.openqa.selenium.By$ByXPath.findElement(By.java:353)
at org.openqa.selenium.remote.RemoteWebDriver.findElement(RemoteWebDriver.java:314)
at org.openqa.selenium.support.pagefactory.DefaultElementLocator.findElement(DefaultElementLocator.java:69)
at org.openqa.selenium.support.pagefactory.internal.LocatingElementHandler.invoke(LocatingElementHandler.java:38)
at com.sun.proxy.$Proxy13.getText(Unknown Source)
at generic.MainActivity.getAlertText(MainActivity.java:261)
at generic.MainActivity.asserAlert(MainActivity.java:90)
at scripts.ForgotPassword.forgotPasswordwithInvaliddata(ForgotPassword.java:73)
at sun.reflect.NativeMethodAccessorImpl.invoke0(Native Method)
at sun.reflect.NativeMethodAccessorImpl.invoke(Unknown Source)
at sun.reflect.DelegatingMethodAccessorImpl.invoke(Unknown Source)
at java.lang.reflect.Method.invoke(Unknown Source)
at org.testng.internal.MethodInvocationHelper.invokeMethod(MethodInvocationHelper.java:124)
at org.testng.internal.Invoker.invokeMethod(Invoker.java:580)
at org.testng.internal.Invoker.invokeTestMethod(Invoker.java:716)
at org.testng.internal.Invoker.invokeTestMethods(Invoker.java:988)
at org.testng.internal.TestMethodWorker.invokeTestMethods(TestMethodWorker.java:125)
at org.testng.internal.TestMethodWorker.run(TestMethodWorker.java:109)
at org.testng.TestRunner.privateRun(TestRunner.java:648)
at org.testng.TestRunner.run(TestRunner.java:505)
at org.testng.SuiteRunner.runTest(SuiteRunner.java:455)
at org.testng.SuiteRunner.runSequentially(SuiteRunner.java:450)
at org.testng.SuiteRunner.privateRun(SuiteRunner.java:415)
at org.testng.SuiteRunner.run(SuiteRunner.java:364)
at org.testng.SuiteRunnerWorker.runSuite(SuiteRunnerWorker.java:52)
at org.testng.SuiteRunnerWorker.run(SuiteRunnerWorker.java:84)
at org.testng.TestNG.runSuitesSequentially(TestNG.java:1208)
at org.testng.TestNG.runSuitesLocally(TestNG.java:1137)
at org.testng.TestNG.runSuites(TestNG.java:1049)
at org.testng.TestNG.run(TestNG.java:1017)
at org.testng.remote.AbstractRemoteTestNG.run(AbstractRemoteTestNG.java:114)
at org.testng.remote.RemoteTestNG.initAndRun(RemoteTestNG.java:251)
at org.testng.remote.RemoteTestNG.main(RemoteTestNG.java:77)
]]>
            </full-stacktrace>
          </exception> <!-- org.openqa.selenium.NoSuchElementException -->
          <reporter-output>
          </reporter-output>
        </test-method> <!-- forgotPasswordwithInvaliddata -->
        <test-method status="PASS" signature="failScreenShot(org.testng.ITestResult)[pri:0, instance:scripts.CartOperTest@6b57696f]" name="failScreenShot" is-config="true" duration-ms="293" started-at="2019-01-08T05:38:58Z" finished-at="2019-01-08T05:38:58Z">
          <params>
            <param index="0">
              <value>
                <![CDATA[[TestResult name=forgotPasswordwithInvaliddata status=FAILURE method=ForgotPassword.forgotPasswordwithInvaliddata()[pri:24, instance:scripts.CartOperTest@6b57696f] output={null}]]]>
              </value>
            </param>
          </params>
          <reporter-output>
          </reporter-output>
        </test-method> <!-- failScreenShot -->
        <test-method status="PASS" signature="forgotPasswordwithValidData()[pri:25, instance:scripts.CartOperTest@6b57696f]" name="forgotPasswordwithValidData" duration-ms="4895" started-at="2019-01-08T05:38:58Z" finished-at="2019-01-08T05:39:03Z">
          <reporter-output>
          </reporter-output>
        </test-method> <!-- forgotPasswordwithValidData -->
        <test-method status="PASS" signature="failScreenShot(org.testng.ITestResult)[pri:0, instance:scripts.CartOperTest@6b57696f]" name="failScreenShot" is-config="true" duration-ms="0" started-at="2019-01-08T05:39:03Z" finished-at="2019-01-08T05:39:03Z">
          <params>
            <param index="0">
              <value>
                <![CDATA[[TestResult name=forgotPasswordwithValidData status=SUCCESS method=ForgotPassword.forgotPasswordwithValidData()[pri:25, instance:scripts.CartOperTest@6b57696f] output={null}]]]>
              </value>
            </param>
          </params>
          <reporter-output>
          </reporter-output>
        </test-method> <!-- failScreenShot -->
        <test-method status="PASS" signature="forgotPasswordwithoutOTP()[pri:26, instance:scripts.CartOperTest@6b57696f]" name="forgotPasswordwithoutOTP" duration-ms="8614" started-at="2019-01-08T05:39:03Z" finished-at="2019-01-08T05:39:12Z">
          <reporter-output>
          </reporter-output>
        </test-method> <!-- forgotPasswordwithoutOTP -->
        <test-method status="PASS" signature="failScreenShot(org.testng.ITestResult)[pri:0, instance:scripts.CartOperTest@6b57696f]" name="failScreenShot" is-config="true" duration-ms="0" started-at="2019-01-08T05:39:12Z" finished-at="2019-01-08T05:39:12Z">
          <params>
            <param index="0">
              <value>
                <![CDATA[[TestResult name=forgotPasswordwithoutOTP status=SUCCESS method=ForgotPassword.forgotPasswordwithoutOTP()[pri:26, instance:scripts.CartOperTest@6b57696f] output={null}]]]>
              </value>
            </param>
          </params>
          <reporter-output>
          </reporter-output>
        </test-method> <!-- failScreenShot -->
        <test-method status="FAIL" signature="forgotPasswordwithInvalidOTP()[pri:27, instance:scripts.CartOperTest@6b57696f]" name="forgotPasswordwithInvalidOTP" duration-ms="7010" started-at="2019-01-08T05:39:12Z" finished-at="2019-01-08T05:39:19Z">
          <exception class="java.lang.AssertionError">
            <message>
              <![CDATA[expected [true] but found [false]]]>
            </message>
            <full-stacktrace>
              <![CDATA[java.lang.AssertionError: expected [true] but found [false]
at org.testng.Assert.fail(Assert.java:96)
at org.testng.Assert.failNotEquals(Assert.java:776)
at org.testng.Assert.assertTrue(Assert.java:44)
at org.testng.Assert.assertTrue(Assert.java:54)
at generic.MainActivity.asserAlert(MainActivity.java:94)
at scripts.ForgotPassword.forgotPasswordwithInvalidOTP(ForgotPassword.java:99)
at sun.reflect.NativeMethodAccessorImpl.invoke0(Native Method)
at sun.reflect.NativeMethodAccessorImpl.invoke(Unknown Source)
at sun.reflect.DelegatingMethodAccessorImpl.invoke(Unknown Source)
at java.lang.reflect.Method.invoke(Unknown Source)
at org.testng.internal.MethodInvocationHelper.invokeMethod(MethodInvocationHelper.java:124)
at org.testng.internal.Invoker.invokeMethod(Invoker.java:580)
at org.testng.internal.Invoker.invokeTestMethod(Invoker.java:716)
at org.testng.internal.Invoker.invokeTestMethods(Invoker.java:988)
at org.testng.internal.TestMethodWorker.invokeTestMethods(TestMethodWorker.java:125)
at org.testng.internal.TestMethodWorker.run(TestMethodWorker.java:109)
at org.testng.TestRunner.privateRun(TestRunner.java:648)
at org.testng.TestRunner.run(TestRunner.java:505)
at org.testng.SuiteRunner.runTest(SuiteRunner.java:455)
at org.testng.SuiteRunner.runSequentially(SuiteRunner.java:450)
at org.testng.SuiteRunner.privateRun(SuiteRunner.java:415)
at org.testng.SuiteRunner.run(SuiteRunner.java:364)
at org.testng.SuiteRunnerWorker.runSuite(SuiteRunnerWorker.java:52)
at org.testng.SuiteRunnerWorker.run(SuiteRunnerWorker.java:84)
at org.testng.TestNG.runSuitesSequentially(TestNG.java:1208)
at org.testng.TestNG.runSuitesLocally(TestNG.java:1137)
at org.testng.TestNG.runSuites(TestNG.java:1049)
at org.testng.TestNG.run(TestNG.java:1017)
at org.testng.remote.AbstractRemoteTestNG.run(AbstractRemoteTestNG.java:114)
at org.testng.remote.RemoteTestNG.initAndRun(RemoteTestNG.java:251)
at org.testng.remote.RemoteTestNG.main(RemoteTestNG.java:77)
]]>
            </full-stacktrace>
          </exception> <!-- java.lang.AssertionError -->
          <reporter-output>
          </reporter-output>
        </test-method> <!-- forgotPasswordwithInvalidOTP -->
        <test-method status="PASS" signature="failScreenShot(org.testng.ITestResult)[pri:0, instance:scripts.CartOperTest@6b57696f]" name="failScreenShot" is-config="true" duration-ms="326" started-at="2019-01-08T05:39:19Z" finished-at="2019-01-08T05:39:19Z">
          <params>
            <param index="0">
              <value>
                <![CDATA[[TestResult name=forgotPasswordwithInvalidOTP status=FAILURE method=ForgotPassword.forgotPasswordwithInvalidOTP()[pri:27, instance:scripts.CartOperTest@6b57696f] output={null}]]]>
              </value>
            </param>
          </params>
          <reporter-output>
          </reporter-output>
        </test-method> <!-- failScreenShot -->
        <test-method status="PASS" signature="forgotPasswordwithoutPWD()[pri:28, instance:scripts.CartOperTest@6b57696f]" name="forgotPasswordwithoutPWD" duration-ms="6957" started-at="2019-01-08T05:39:19Z" finished-at="2019-01-08T05:39:26Z">
          <reporter-output>
          </reporter-output>
        </test-method> <!-- forgotPasswordwithoutPWD -->
        <test-method status="PASS" signature="failScreenShot(org.testng.ITestResult)[pri:0, instance:scripts.CartOperTest@6b57696f]" name="failScreenShot" is-config="true" duration-ms="1" started-at="2019-01-08T05:39:26Z" finished-at="2019-01-08T05:39:26Z">
          <params>
            <param index="0">
              <value>
                <![CDATA[[TestResult name=forgotPasswordwithoutPWD status=SUCCESS method=ForgotPassword.forgotPasswordwithoutPWD()[pri:28, instance:scripts.CartOperTest@6b57696f] output={null}]]]>
              </value>
            </param>
          </params>
          <reporter-output>
          </reporter-output>
        </test-method> <!-- failScreenShot -->
        <test-method status="PASS" signature="forgotPasswordwithinvalidPWD()[pri:29, instance:scripts.CartOperTest@6b57696f]" name="forgotPasswordwithinvalidPWD" duration-ms="8179" started-at="2019-01-08T05:39:26Z" finished-at="2019-01-08T05:39:34Z">
          <reporter-output>
          </reporter-output>
        </test-method> <!-- forgotPasswordwithinvalidPWD -->
        <test-method status="PASS" signature="forgotPasswordwithoutCnfmPWD()[pri:30, instance:scripts.CartOperTest@6b57696f]" name="forgotPasswordwithoutCnfmPWD" duration-ms="8258" started-at="2019-01-08T05:39:34Z" finished-at="2019-01-08T05:39:42Z">
          <reporter-output>
          </reporter-output>
        </test-method> <!-- forgotPasswordwithoutCnfmPWD -->
        <test-method status="PASS" signature="failScreenShot(org.testng.ITestResult)[pri:0, instance:scripts.CartOperTest@6b57696f]" name="failScreenShot" is-config="true" duration-ms="0" started-at="2019-01-08T05:39:34Z" finished-at="2019-01-08T05:39:34Z">
          <params>
            <param index="0">
              <value>
                <![CDATA[[TestResult name=forgotPasswordwithinvalidPWD status=SUCCESS method=ForgotPassword.forgotPasswordwithinvalidPWD()[pri:29, instance:scripts.CartOperTest@6b57696f] output={null}]]]>
              </value>
            </param>
          </params>
          <reporter-output>
          </reporter-output>
        </test-method> <!-- failScreenShot -->
        <test-method status="PASS" signature="failScreenShot(org.testng.ITestResult)[pri:0, instance:scripts.CartOperTest@6b57696f]" name="failScreenShot" is-config="true" duration-ms="1" started-at="2019-01-08T05:39:42Z" finished-at="2019-01-08T05:39:42Z">
          <params>
            <param index="0">
              <value>
                <![CDATA[[TestResult name=forgotPasswordwithoutCnfmPWD status=SUCCESS method=ForgotPassword.forgotPasswordwithoutCnfmPWD()[pri:30, instance:scripts.CartOperTest@6b57696f] output={null}]]]>
              </value>
            </param>
          </params>
          <reporter-output>
          </reporter-output>
        </test-method> <!-- failScreenShot -->
        <test-method status="PASS" signature="forgotPasswordwithMissmatchPWD()[pri:31, instance:scripts.CartOperTest@6b57696f]" name="forgotPasswordwithMissmatchPWD" duration-ms="9690" started-at="2019-01-08T05:39:42Z" finished-at="2019-01-08T05:39:52Z">
          <reporter-output>
          </reporter-output>
        </test-method> <!-- forgotPasswordwithMissmatchPWD -->
        <test-method status="PASS" signature="failScreenShot(org.testng.ITestResult)[pri:0, instance:scripts.CartOperTest@6b57696f]" name="failScreenShot" is-config="true" duration-ms="0" started-at="2019-01-08T05:39:52Z" finished-at="2019-01-08T05:39:52Z">
          <params>
            <param index="0">
              <value>
                <![CDATA[[TestResult name=forgotPasswordwithMissmatchPWD status=SUCCESS method=ForgotPassword.forgotPasswordwithMissmatchPWD()[pri:31, instance:scripts.CartOperTest@6b57696f] output={null}]]]>
              </value>
            </param>
          </params>
          <reporter-output>
          </reporter-output>
        </test-method> <!-- failScreenShot -->
        <test-method status="FAIL" signature="forgotPasswordwithWrongOTP()[pri:32, instance:scripts.CartOperTest@6b57696f]" name="forgotPasswordwithWrongOTP" duration-ms="12508" started-at="2019-01-08T05:39:52Z" finished-at="2019-01-08T05:40:05Z">
          <exception class="org.openqa.selenium.NoSuchElementException">
            <message>
              <![CDATA[no such element: Unable to locate element: {"method":"xpath","selector":"//*[@class='swal-text']"}
  (Session info: chrome=71.0.3578.98)
  (Driver info: chromedriver=2.42.591088 (7b2b2dca23cca0862f674758c9a3933e685c27d5),platform=Windows NT 10.0.16299 x86_64) (WARNING: The server did not provide any stacktrace information)
Command duration or timeout: 0 milliseconds
For documentation on this error, please visit: http://seleniumhq.org/exceptions/no_such_element.html
Build info: version: '3.14.0', revision: 'aacccce0', time: '2018-08-02T20:13:22.693Z'
System info: host: 'T4UBLRLPUSR093', ip: '172.16.2.150', os.name: 'Windows 10', os.arch: 'amd64', os.version: '10.0', java.version: '1.8.0_181'
Driver info: org.openqa.selenium.chrome.ChromeDriver
Capabilities {acceptInsecureCerts: false, acceptSslCerts: false, applicationCacheEnabled: false, browserConnectionEnabled: false, browserName: chrome, chrome: {chromedriverVersion: 2.42.591088 (7b2b2dca23cca0..., userDataDir: C:\Users\CGN04\AppData\Loca...}, cssSelectorsEnabled: true, databaseEnabled: false, goog:chromeOptions: {debuggerAddress: localhost:50330}, handlesAlerts: true, hasTouchScreen: false, javascriptEnabled: true, locationContextEnabled: true, mobileEmulationEnabled: false, nativeEvents: true, networkConnectionEnabled: false, pageLoadStrategy: normal, platform: XP, platformName: XP, rotatable: false, setWindowRect: true, takesHeapSnapshot: true, takesScreenshot: true, unexpectedAlertBehaviour: , unhandledPromptBehavior: , version: 71.0.3578.98, webStorageEnabled: true}
Session ID: cc0466ccc09231b2a68270147c933448
*** Element info: {Using=xpath, value=//*[@class='swal-text']}]]>
            </message>
            <full-stacktrace>
              <![CDATA[org.openqa.selenium.NoSuchElementException: no such element: Unable to locate element: {"method":"xpath","selector":"//*[@class='swal-text']"}
  (Session info: chrome=71.0.3578.98)
  (Driver info: chromedriver=2.42.591088 (7b2b2dca23cca0862f674758c9a3933e685c27d5),platform=Windows NT 10.0.16299 x86_64) (WARNING: The server did not provide any stacktrace information)
Command duration or timeout: 0 milliseconds
For documentation on this error, please visit: http://seleniumhq.org/exceptions/no_such_element.html
Build info: version: '3.14.0', revision: 'aacccce0', time: '2018-08-02T20:13:22.693Z'
System info: host: 'T4UBLRLPUSR093', ip: '172.16.2.150', os.name: 'Windows 10', os.arch: 'amd64', os.version: '10.0', java.version: '1.8.0_181'
Driver info: org.openqa.selenium.chrome.ChromeDriver
Capabilities {acceptInsecureCerts: false, acceptSslCerts: false, applicationCacheEnabled: false, browserConnectionEnabled: false, browserName: chrome, chrome: {chromedriverVersion: 2.42.591088 (7b2b2dca23cca0..., userDataDir: C:\Users\CGN04\AppData\Loca...}, cssSelectorsEnabled: true, databaseEnabled: false, goog:chromeOptions: {debuggerAddress: localhost:50330}, handlesAlerts: true, hasTouchScreen: false, javascriptEnabled: true, locationContextEnabled: true, mobileEmulationEnabled: false, nativeEvents: true, networkConnectionEnabled: false, pageLoadStrategy: normal, platform: XP, platformName: XP, rotatable: false, setWindowRect: true, takesHeapSnapshot: true, takesScreenshot: true, unexpectedAlertBehaviour: , unhandledPromptBehavior: , version: 71.0.3578.98, webStorageEnabled: true}
Session ID: cc0466ccc09231b2a68270147c933448
*** Element info: {Using=xpath, value=//*[@class='swal-text']}
at sun.reflect.NativeConstructorAccessorImpl.newInstance0(Native Method)
at sun.reflect.NativeConstructorAccessorImpl.newInstance(Unknown Source)
at sun.reflect.DelegatingConstructorAccessorImpl.newInstance(Unknown Source)
at java.lang.reflect.Constructor.newInstance(Unknown Source)
at org.openqa.selenium.remote.ErrorHandler.createThrowable(ErrorHandler.java:214)
at org.openqa.selenium.remote.ErrorHandler.throwIfResponseFailed(ErrorHandler.java:166)
at org.openqa.selenium.remote.http.JsonHttpResponseCodec.reconstructValue(JsonHttpResponseCodec.java:40)
at org.openqa.selenium.remote.http.AbstractHttpResponseCodec.decode(AbstractHttpResponseCodec.java:80)
at org.openqa.selenium.remote.http.AbstractHttpResponseCodec.decode(AbstractHttpResponseCodec.java:44)
at org.openqa.selenium.remote.HttpCommandExecutor.execute(HttpCommandExecutor.java:158)
at org.openqa.selenium.remote.service.DriverCommandExecutor.execute(DriverCommandExecutor.java:83)
at org.openqa.selenium.remote.RemoteWebDriver.execute(RemoteWebDriver.java:548)
at org.openqa.selenium.remote.RemoteWebDriver.findElement(RemoteWebDriver.java:322)
at org.openqa.selenium.remote.RemoteWebDriver.findElementByXPath(RemoteWebDriver.java:424)
at org.openqa.selenium.By$ByXPath.findElement(By.java:353)
at org.openqa.selenium.remote.RemoteWebDriver.findElement(RemoteWebDriver.java:314)
at org.openqa.selenium.support.pagefactory.DefaultElementLocator.findElement(DefaultElementLocator.java:69)
at org.openqa.selenium.support.pagefactory.internal.LocatingElementHandler.invoke(LocatingElementHandler.java:38)
at com.sun.proxy.$Proxy13.getText(Unknown Source)
at generic.MainActivity.getAlertText(MainActivity.java:261)
at generic.MainActivity.asserAlert(MainActivity.java:90)
at scripts.ForgotPassword.forgotPasswordwithWrongOTP(ForgotPassword.java:162)
at sun.reflect.NativeMethodAccessorImpl.invoke0(Native Method)
at sun.reflect.NativeMethodAccessorImpl.invoke(Unknown Source)
at sun.reflect.DelegatingMethodAccessorImpl.invoke(Unknown Source)
at java.lang.reflect.Method.invoke(Unknown Source)
at org.testng.internal.MethodInvocationHelper.invokeMethod(MethodInvocationHelper.java:124)
at org.testng.internal.Invoker.invokeMethod(Invoker.java:580)
at org.testng.internal.Invoker.invokeTestMethod(Invoker.java:716)
at org.testng.internal.Invoker.invokeTestMethods(Invoker.java:988)
at org.testng.internal.TestMethodWorker.invokeTestMethods(TestMethodWorker.java:125)
at org.testng.internal.TestMethodWorker.run(TestMethodWorker.java:109)
at org.testng.TestRunner.privateRun(TestRunner.java:648)
at org.testng.TestRunner.run(TestRunner.java:505)
at org.testng.SuiteRunner.runTest(SuiteRunner.java:455)
at org.testng.SuiteRunner.runSequentially(SuiteRunner.java:450)
at org.testng.SuiteRunner.privateRun(SuiteRunner.java:415)
at org.testng.SuiteRunner.run(SuiteRunner.java:364)
at org.testng.SuiteRunnerWorker.runSuite(SuiteRunnerWorker.java:52)
at org.testng.SuiteRunnerWorker.run(SuiteRunnerWorker.java:84)
at org.testng.TestNG.runSuitesSequentially(TestNG.java:1208)
at org.testng.TestNG.runSuitesLocally(TestNG.java:1137)
at org.testng.TestNG.runSuites(TestNG.java:1049)
at org.testng.TestNG.run(TestNG.java:1017)
at org.testng.remote.AbstractRemoteTestNG.run(AbstractRemoteTestNG.java:114)
at org.testng.remote.RemoteTestNG.initAndRun(RemoteTestNG.java:251)
at org.testng.remote.RemoteTestNG.main(RemoteTestNG.java:77)
]]>
            </full-stacktrace>
          </exception> <!-- org.openqa.selenium.NoSuchElementException -->
          <reporter-output>
          </reporter-output>
        </test-method> <!-- forgotPasswordwithWrongOTP -->
        <test-method status="PASS" signature="failScreenShot(org.testng.ITestResult)[pri:0, instance:scripts.CartOperTest@6b57696f]" name="failScreenShot" is-config="true" duration-ms="404" started-at="2019-01-08T05:40:05Z" finished-at="2019-01-08T05:40:05Z">
          <params>
            <param index="0">
              <value>
                <![CDATA[[TestResult name=forgotPasswordwithWrongOTP status=FAILURE method=ForgotPassword.forgotPasswordwithWrongOTP()[pri:32, instance:scripts.CartOperTest@6b57696f] output={null}]]]>
              </value>
            </param>
          </params>
          <reporter-output>
          </reporter-output>
        </test-method> <!-- failScreenShot -->
        <test-method status="PASS" signature="forgotPasswordwithAllValidDATA()[pri:33, instance:scripts.CartOperTest@6b57696f]" name="forgotPasswordwithAllValidDATA" duration-ms="14764" started-at="2019-01-08T05:40:05Z" finished-at="2019-01-08T05:40:20Z">
          <reporter-output>
          </reporter-output>
        </test-method> <!-- forgotPasswordwithAllValidDATA -->
        <test-method status="PASS" signature="failScreenShot(org.testng.ITestResult)[pri:0, instance:scripts.CartOperTest@6b57696f]" name="failScreenShot" is-config="true" duration-ms="0" started-at="2019-01-08T05:40:20Z" finished-at="2019-01-08T05:40:20Z">
          <params>
            <param index="0">
              <value>
                <![CDATA[[TestResult name=forgotPasswordwithAllValidDATA status=SUCCESS method=ForgotPassword.forgotPasswordwithAllValidDATA()[pri:33, instance:scripts.CartOperTest@6b57696f] output={null}]]]>
              </value>
            </param>
          </params>
          <reporter-output>
          </reporter-output>
        </test-method> <!-- failScreenShot -->
        <test-method status="PASS" signature="loginWithoutInput()[pri:40, instance:scripts.CartOperTest@6b57696f]" name="loginWithoutInput" duration-ms="10604" started-at="2019-01-08T05:40:20Z" finished-at="2019-01-08T05:40:30Z">
          <reporter-output>
          </reporter-output>
        </test-method> <!-- loginWithoutInput -->
        <test-method status="PASS" signature="failScreenShot(org.testng.ITestResult)[pri:0, instance:scripts.CartOperTest@6b57696f]" name="failScreenShot" is-config="true" duration-ms="1" started-at="2019-01-08T05:40:30Z" finished-at="2019-01-08T05:40:30Z">
          <params>
            <param index="0">
              <value>
                <![CDATA[[TestResult name=loginWithoutInput status=SUCCESS method=Login.loginWithoutInput()[pri:40, instance:scripts.CartOperTest@6b57696f] output={null}]]]>
              </value>
            </param>
          </params>
          <reporter-output>
          </reporter-output>
        </test-method> <!-- failScreenShot -->
        <test-method status="PASS" signature="loginWithUsername()[pri:41, instance:scripts.CartOperTest@6b57696f]" name="loginWithUsername" duration-ms="5993" started-at="2019-01-08T05:40:30Z" finished-at="2019-01-08T05:40:36Z">
          <reporter-output>
          </reporter-output>
        </test-method> <!-- loginWithUsername -->
        <test-method status="PASS" signature="failScreenShot(org.testng.ITestResult)[pri:0, instance:scripts.CartOperTest@6b57696f]" name="failScreenShot" is-config="true" duration-ms="0" started-at="2019-01-08T05:40:36Z" finished-at="2019-01-08T05:40:36Z">
          <params>
[...]
          <reporter-output>
          </reporter-output>
        </test-method> <!-- checkAll -->
        <test-method status="PASS" signature="testaddcart()[pri:131, instance:scripts.CartOperTest@6b57696f]" name="testaddcart" duration-ms="4464" started-at="2019-01-08T05:51:27Z" finished-at="2019-01-08T05:51:32Z">
          <reporter-output>
          </reporter-output>
        </test-method> <!-- testaddcart -->
        <test-method status="PASS" signature="failScreenShot(org.testng.ITestResult)[pri:0, instance:scripts.CartOperTest@6b57696f]" name="failScreenShot" is-config="true" duration-ms="0" started-at="2019-01-08T05:51:27Z" finished-at="2019-01-08T05:51:27Z">
          <params>
            <param index="0">
              <value>
                <![CDATA[[TestResult name=checkAll status=SUCCESS method=CartOperTest.checkAll()[pri:130, instance:scripts.CartOperTest@6b57696f] output={null}]]]>
              </value>
            </param>
          </params>
          <reporter-output>
          </reporter-output>
        </test-method> <!-- failScreenShot -->
        <test-method status="PASS" signature="failScreenShot(org.testng.ITestResult)[pri:0, instance:scripts.CartOperTest@6b57696f]" name="failScreenShot" is-config="true" duration-ms="1" started-at="2019-01-08T05:51:32Z" finished-at="2019-01-08T05:51:32Z">
          <params>
            <param index="0">
              <value>
                <![CDATA[[TestResult name=testaddcart status=SUCCESS method=CartOperTest.testaddcart()[pri:131, instance:scripts.CartOperTest@6b57696f] output={null}]]]>
              </value>
            </param>
          </params>
          <reporter-output>
          </reporter-output>
        </test-method> <!-- failScreenShot -->
        <test-method status="PASS" signature="testQTY()[pri:132, instance:scripts.CartOperTest@6b57696f]" name="testQTY" duration-ms="2095" started-at="2019-01-08T05:51:32Z" finished-at="2019-01-08T05:51:34Z">
          <reporter-output>
          </reporter-output>
        </test-method> <!-- testQTY -->
        <test-method status="PASS" signature="failScreenShot(org.testng.ITestResult)[pri:0, instance:scripts.CartOperTest@6b57696f]" name="failScreenShot" is-config="true" duration-ms="1" started-at="2019-01-08T05:51:34Z" finished-at="2019-01-08T05:51:34Z">
          <params>
            <param index="0">
              <value>
                <![CDATA[[TestResult name=testQTY status=SUCCESS method=CartOperTest.testQTY()[pri:132, instance:scripts.CartOperTest@6b57696f] output={null}]]]>
              </value>
            </param>
          </params>
          <reporter-output>
          </reporter-output>
        </test-method> <!-- failScreenShot -->
        <test-method status="PASS" signature="testPrice()[pri:132, instance:scripts.CartOperTest@6b57696f]" name="testPrice" duration-ms="2086" started-at="2019-01-08T05:51:34Z" finished-at="2019-01-08T05:51:36Z">
          <reporter-output>
          </reporter-output>
        </test-method> <!-- testPrice -->
        <test-method status="PASS" signature="failScreenShot(org.testng.ITestResult)[pri:0, instance:scripts.CartOperTest@6b57696f]" name="failScreenShot" is-config="true" duration-ms="0" started-at="2019-01-08T05:51:36Z" finished-at="2019-01-08T05:51:36Z">
          <params>
            <param index="0">
              <value>
                <![CDATA[[TestResult name=testPrice status=SUCCESS method=CartOperTest.testPrice()[pri:132, instance:scripts.CartOperTest@6b57696f] output={null}]]]>
              </value>
            </param>
          </params>
          <reporter-output>
          </reporter-output>
        </test-method> <!-- failScreenShot -->
        <test-method status="PASS" signature="testA()[pri:133, instance:scripts.CartOperTest@6b57696f]" name="testA" duration-ms="90" started-at="2019-01-08T05:51:36Z" finished-at="2019-01-08T05:51:36Z">
          <reporter-output>
          </reporter-output>
        </test-method> <!-- testA -->
        <test-method status="PASS" signature="failScreenShot(org.testng.ITestResult)[pri:0, instance:scripts.CartOperTest@6b57696f]" name="failScreenShot" is-config="true" duration-ms="0" started-at="2019-01-08T05:51:36Z" finished-at="2019-01-08T05:51:36Z">
          <params>
            <param index="0">
              <value>
                <![CDATA[[TestResult name=testA status=SUCCESS method=CartOperTest.testA()[pri:133, instance:scripts.CartOperTest@6b57696f] output={null}]]]>
              </value>
            </param>
          </params>
          <reporter-output>
          </reporter-output>
        </test-method> <!-- failScreenShot -->
        <test-method status="PASS" signature="test34()[pri:134, instance:scripts.CartOperTest@6b57696f]" name="test34" duration-ms="5499" started-at="2019-01-08T05:51:36Z" finished-at="2019-01-08T05:51:41Z">
          <reporter-output>
          </reporter-output>
        </test-method> <!-- test34 -->
        <test-method status="PASS" signature="failScreenShot(org.testng.ITestResult)[pri:0, instance:scripts.CartOperTest@6b57696f]" name="failScreenShot" is-config="true" duration-ms="1" started-at="2019-01-08T05:51:41Z" finished-at="2019-01-08T05:51:41Z">
          <params>
            <param index="0">
              <value>
                <![CDATA[[TestResult name=test34 status=SUCCESS method=CartOperTest.test34()[pri:134, instance:scripts.CartOperTest@6b57696f] output={null}]]]>
              </value>
            </param>
          </params>
          <reporter-output>
          </reporter-output>
        </test-method> <!-- failScreenShot -->
        <test-method status="PASS" signature="test35()[pri:135, instance:scripts.CartOperTest@6b57696f]" name="test35" duration-ms="8073" started-at="2019-01-08T05:51:41Z" finished-at="2019-01-08T05:51:49Z">
          <reporter-output>
          </reporter-output>
        </test-method> <!-- test35 -->
        <test-method status="PASS" signature="failScreenShot(org.testng.ITestResult)[pri:0, instance:scripts.CartOperTest@6b57696f]" name="failScreenShot" is-config="true" duration-ms="0" started-at="2019-01-08T05:51:49Z" finished-at="2019-01-08T05:51:49Z">
          <params>
            <param index="0">
              <value>
                <![CDATA[[TestResult name=test35 status=SUCCESS method=CartOperTest.test35()[pri:135, instance:scripts.CartOperTest@6b57696f] output={null}]]]>
              </value>
            </param>
          </params>
          <reporter-output>
          </reporter-output>
        </test-method> <!-- failScreenShot -->
        <test-method status="PASS" signature="test36()[pri:136, instance:scripts.CartOperTest@6b57696f]" name="test36" duration-ms="9607" started-at="2019-01-08T05:51:49Z" finished-at="2019-01-08T05:51:59Z">
          <reporter-output>
          </reporter-output>
        </test-method> <!-- test36 -->
        <test-method status="PASS" signature="failScreenShot(org.testng.ITestResult)[pri:0, instance:scripts.CartOperTest@6b57696f]" name="failScreenShot" is-config="true" duration-ms="0" started-at="2019-01-08T05:51:59Z" finished-at="2019-01-08T05:51:59Z">
          <params>
            <param index="0">
              <value>
                <![CDATA[[TestResult name=test36 status=SUCCESS method=CartOperTest.test36()[pri:136, instance:scripts.CartOperTest@6b57696f] output={null}]]]>
              </value>
            </param>
          </params>
          <reporter-output>
          </reporter-output>
        </test-method> <!-- failScreenShot -->
        <test-method status="PASS" signature="test37()[pri:137, instance:scripts.CartOperTest@6b57696f]" name="test37" duration-ms="6281" started-at="2019-01-08T05:51:59Z" finished-at="2019-01-08T05:52:05Z">
          <reporter-output>
          </reporter-output>
        </test-method> <!-- test37 -->
        <test-method status="PASS" signature="failScreenShot(org.testng.ITestResult)[pri:0, instance:scripts.CartOperTest@6b57696f]" name="failScreenShot" is-config="true" duration-ms="1" started-at="2019-01-08T05:52:05Z" finished-at="2019-01-08T05:52:05Z">
          <params>
            <param index="0">
              <value>
                <![CDATA[[TestResult name=test37 status=SUCCESS method=CartOperTest.test37()[pri:137, instance:scripts.CartOperTest@6b57696f] output={null}]]]>
              </value>
            </param>
          </params>
          <reporter-output>
          </reporter-output>
        </test-method> <!-- failScreenShot -->
        <test-method status="PASS" signature="test38()[pri:138, instance:scripts.CartOperTest@6b57696f]" name="test38" duration-ms="44" started-at="2019-01-08T05:52:05Z" finished-at="2019-01-08T05:52:05Z">
          <reporter-output>
          </reporter-output>
        </test-method> <!-- test38 -->
        <test-method status="PASS" signature="failScreenShot(org.testng.ITestResult)[pri:0, instance:scripts.CartOperTest@6b57696f]" name="failScreenShot" is-config="true" duration-ms="0" started-at="2019-01-08T05:52:05Z" finished-at="2019-01-08T05:52:05Z">
          <params>
            <param index="0">
              <value>
                <![CDATA[[TestResult name=test38 status=SUCCESS method=CartOperTest.test38()[pri:138, instance:scripts.CartOperTest@6b57696f] output={null}]]]>
              </value>
            </param>
          </params>
          <reporter-output>
          </reporter-output>
        </test-method> <!-- failScreenShot -->
        <test-method status="PASS" signature="test39()[pri:139, instance:scripts.CartOperTest@6b57696f]" name="test39" duration-ms="31" started-at="2019-01-08T05:52:05Z" finished-at="2019-01-08T05:52:05Z">
          <reporter-output>
          </reporter-output>
        </test-method> <!-- test39 -->
        <test-method status="PASS" signature="failScreenShot(org.testng.ITestResult)[pri:0, instance:scripts.CartOperTest@6b57696f]" name="failScreenShot" is-config="true" duration-ms="0" started-at="2019-01-08T05:52:05Z" finished-at="2019-01-08T05:52:05Z">
          <params>
            <param index="0">
              <value>
                <![CDATA[[TestResult name=test39 status=SUCCESS method=CartOperTest.test39()[pri:139, instance:scripts.CartOperTest@6b57696f] output={null}]]]>
              </value>
            </param>
          </params>
          <reporter-output>
          </reporter-output>
        </test-method> <!-- failScreenShot -->
        <test-method status="PASS" signature="test40()[pri:140, instance:scripts.CartOperTest@6b57696f]" name="test40" duration-ms="50" started-at="2019-01-08T05:52:05Z" finished-at="2019-01-08T05:52:05Z">
          <reporter-output>
          </reporter-output>
        </test-method> <!-- test40 -->
        <test-method status="PASS" signature="test41()[pri:141, instance:scripts.CartOperTest@6b57696f]" name="test41" duration-ms="53" started-at="2019-01-08T05:52:05Z" finished-at="2019-01-08T05:52:05Z">
          <reporter-output>
          </reporter-output>
        </test-method> <!-- test41 -->
        <test-method status="PASS" signature="failScreenShot(org.testng.ITestResult)[pri:0, instance:scripts.CartOperTest@6b57696f]" name="failScreenShot" is-config="true" duration-ms="0" started-at="2019-01-08T05:52:05Z" finished-at="2019-01-08T05:52:05Z">
          <params>
            <param index="0">
              <value>
                <![CDATA[[TestResult name=test40 status=SUCCESS method=CartOperTest.test40()[pri:140, instance:scripts.CartOperTest@6b57696f] output={null}]]]>
              </value>
            </param>
          </params>
          <reporter-output>
          </reporter-output>
        </test-method> <!-- failScreenShot -->
        <test-method status="PASS" signature="failScreenShot(org.testng.ITestResult)[pri:0, instance:scripts.CartOperTest@6b57696f]" name="failScreenShot" is-config="true" duration-ms="1" started-at="2019-01-08T05:52:05Z" finished-at="2019-01-08T05:52:05Z">
          <params>
            <param index="0">
              <value>
                <![CDATA[[TestResult name=test41 status=SUCCESS method=CartOperTest.test41()[pri:141, instance:scripts.CartOperTest@6b57696f] output={null}]]]>
              </value>
            </param>
          </params>
          <reporter-output>
          </reporter-output>
        </test-method> <!-- failScreenShot -->
        <test-method status="PASS" signature="test42()[pri:142, instance:scripts.CartOperTest@6b57696f]" name="test42" duration-ms="54" started-at="2019-01-08T05:52:05Z" finished-at="2019-01-08T05:52:05Z">
          <reporter-output>
          </reporter-output>
        </test-method> <!-- test42 -->
        <test-method status="PASS" signature="test43()[pri:143, instance:scripts.CartOperTest@6b57696f]" name="test43" duration-ms="59" started-at="2019-01-08T05:52:05Z" finished-at="2019-01-08T05:52:06Z">
          <reporter-output>
          </reporter-output>
        </test-method> <!-- test43 -->
        <test-method status="PASS" signature="failScreenShot(org.testng.ITestResult)[pri:0, instance:scripts.CartOperTest@6b57696f]" name="failScreenShot" is-config="true" duration-ms="0" started-at="2019-01-08T05:52:05Z" finished-at="2019-01-08T05:52:05Z">
          <params>
            <param index="0">
              <value>
                <![CDATA[[TestResult name=test42 status=SUCCESS method=CartOperTest.test42()[pri:142, instance:scripts.CartOperTest@6b57696f] output={null}]]]>
              </value>
            </param>
          </params>
          <reporter-output>
          </reporter-output>
        </test-method> <!-- failScreenShot -->
        <test-method status="PASS" signature="failScreenShot(org.testng.ITestResult)[pri:0, instance:scripts.CartOperTest@6b57696f]" name="failScreenShot" is-config="true" duration-ms="0" started-at="2019-01-08T05:52:06Z" finished-at="2019-01-08T05:52:06Z">
          <params>
            <param index="0">
              <value>
                <![CDATA[[TestResult name=test43 status=SUCCESS method=CartOperTest.test43()[pri:143, instance:scripts.CartOperTest@6b57696f] output={null}]]]>
              </value>
            </param>
          </params>
          <reporter-output>
          </reporter-output>
        </test-method> <!-- failScreenShot -->
        <test-method status="PASS" signature="test44()[pri:144, instance:scripts.CartOperTest@6b57696f]" name="test44" duration-ms="10536" started-at="2019-01-08T05:52:06Z" finished-at="2019-01-08T05:52:16Z">
          <reporter-output>
          </reporter-output>
        </test-method> <!-- test44 -->
        <test-method status="PASS" signature="failScreenShot(org.testng.ITestResult)[pri:0, instance:scripts.CartOperTest@6b57696f]" name="failScreenShot" is-config="true" duration-ms="0" started-at="2019-01-08T05:52:16Z" finished-at="2019-01-08T05:52:16Z">
          <params>
            <param index="0">
              <value>
                <![CDATA[[TestResult name=test44 status=SUCCESS method=CartOperTest.test44()[pri:144, instance:scripts.CartOperTest@6b57696f] output={null}]]]>
              </value>
            </param>
          </params>
          <reporter-output>
          </reporter-output>
        </test-method> <!-- failScreenShot -->
        <test-method status="PASS" signature="test45()[pri:145, instance:scripts.CartOperTest@6b57696f]" name="test45" duration-ms="57" started-at="2019-01-08T05:52:16Z" finished-at="2019-01-08T05:52:16Z">
          <reporter-output>
          </reporter-output>
        </test-method> <!-- test45 -->
        <test-method status="PASS" signature="failScreenShot(org.testng.ITestResult)[pri:0, instance:scripts.CartOperTest@6b57696f]" name="failScreenShot" is-config="true" duration-ms="1" started-at="2019-01-08T05:52:16Z" finished-at="2019-01-08T05:52:16Z">
          <params>
            <param index="0">
              <value>
                <![CDATA[[TestResult name=test45 status=SUCCESS method=CartOperTest.test45()[pri:145, instance:scripts.CartOperTest@6b57696f] output={null}]]]>
              </value>
            </param>
          </params>
          <reporter-output>
          </reporter-output>
        </test-method> <!-- failScreenShot -->
        <test-method status="PASS" signature="creditCncl()[pri:146, instance:scripts.CartOperTest@6b57696f]" name="creditCncl" duration-ms="10686" started-at="2019-01-08T05:52:16Z" finished-at="2019-01-08T05:52:27Z">
          <reporter-output>
          </reporter-output>
        </test-method> <!-- creditCncl -->
        <test-method status="PASS" signature="failScreenShot(org.testng.ITestResult)[pri:0, instance:scripts.CartOperTest@6b57696f]" name="failScreenShot" is-config="true" duration-ms="0" started-at="2019-01-08T05:52:27Z" finished-at="2019-01-08T05:52:27Z">
          <params>
            <param index="0">
              <value>
                <![CDATA[[TestResult name=creditCncl status=SUCCESS method=CartOperTest.creditCncl()[pri:146, instance:scripts.CartOperTest@6b57696f] output={null}]]]>
              </value>
            </param>
          </params>
          <reporter-output>
          </reporter-output>
        </test-method> <!-- failScreenShot -->
        <test-method status="PASS" signature="afterCredit()[pri:147, instance:scripts.CartOperTest@6b57696f]" name="afterCredit" duration-ms="1558" started-at="2019-01-08T05:52:27Z" finished-at="2019-01-08T05:52:28Z">
          <reporter-output>
          </reporter-output>
        </test-method> <!-- afterCredit -->
        <test-method status="PASS" signature="failScreenShot(org.testng.ITestResult)[pri:0, instance:scripts.CartOperTest@6b57696f]" name="failScreenShot" is-config="true" duration-ms="0" started-at="2019-01-08T05:52:28Z" finished-at="2019-01-08T05:52:28Z">
          <params>
            <param index="0">
              <value>
                <![CDATA[[TestResult name=afterCredit status=SUCCESS method=CartOperTest.afterCredit()[pri:147, instance:scripts.CartOperTest@6b57696f] output={null}]]]>
              </value>
            </param>
          </params>
          <reporter-output>
          </reporter-output>
        </test-method> <!-- failScreenShot -->
        <test-method status="PASS" signature="goHome()[pri:148, instance:scripts.CartOperTest@6b57696f]" name="goHome" duration-ms="5142" started-at="2019-01-08T05:52:28Z" finished-at="2019-01-08T05:52:34Z">
          <reporter-output>
          </reporter-output>
        </test-method> <!-- goHome -->
        <test-method status="PASS" signature="closeCon()[pri:0, instance:scripts.CartOperTest@6b57696f]" name="closeCon" is-config="true" duration-ms="4611" started-at="2019-01-08T05:52:34Z" finished-at="2019-01-08T05:52:38Z">
          <reporter-output>
          </reporter-output>
        </test-method> <!-- closeCon -->
        <test-method status="PASS" signature="failScreenShot(org.testng.ITestResult)[pri:0, instance:scripts.CartOperTest@6b57696f]" name="failScreenShot" is-config="true" duration-ms="0" started-at="2019-01-08T05:52:34Z" finished-at="2019-01-08T05:52:34Z">
          <params>
            <param index="0">
              <value>
                <![CDATA[[TestResult name=goHome status=SUCCESS method=CartOperTest.goHome()[pri:148, instance:scripts.CartOperTest@6b57696f] output={null}]]]>
              </value>
            </param>
          </params>
          <reporter-output>
          </reporter-output>
        </test-method> <!-- failScreenShot -->
      </class> <!-- scripts.CartOperTest -->
    </test> <!-- Test -->
  </suite> <!-- Suite -->
</testng-results>
